2018-04-25 18:28:58,535 [Worker-3] INFO  c.g.t.t.d.PublishedGradleVersions - Gradle version information cache is up-to-date. Trying to read.
2018-04-25 18:34:54,179 [Worker-2] INFO  o.e.m.c.i.l.LifecycleMappingFactory - Using org.eclipse.m2e.jdt.JarLifecycleMapping lifecycle mapping for MavenProject: com.helloworld.springboot:helloworld-service:0.0.1-SNAPSHOT @ C:\workspaces\helloworld_springboot\helloworld-service\pom.xml.
2018-04-25 18:34:55,216 [Worker-2] INFO  o.e.m.j.i.AbstractJavaProjectConfigurator - Adding source folder /helloworld-service/src/main/java
2018-04-25 18:34:55,218 [Worker-2] INFO  o.e.m.j.i.AbstractJavaProjectConfigurator - Adding resource folder /helloworld-service/src/main/resources
2018-04-25 18:34:55,222 [Worker-2] INFO  o.e.m.j.i.AbstractJavaProjectConfigurator - Adding source folder /helloworld-service/src/test/java
2018-04-25 18:34:55,222 [Worker-2] INFO  o.e.m.j.i.AbstractJavaProjectConfigurator - Adding resource folder /helloworld-service/src/test/resources
2018-04-25 18:34:58,921 [Worker-14] WARN  o.e.m.c.i.embedder.EclipseLogger - Using platform encoding (Cp1252 actually) to copy filtered resources, i.e. build is platform dependent!
2018-04-25 18:34:58,929 [Worker-14] INFO  o.e.m.c.i.embedder.EclipseLogger - Copying 0 resource
2018-04-25 18:34:58,936 [Worker-14] WARN  o.e.m.c.i.embedder.EclipseLogger - Using platform encoding (Cp1252 actually) to copy filtered resources, i.e. build is platform dependent!
2018-04-25 18:34:58,937 [Worker-14] INFO  o.e.m.c.i.embedder.EclipseLogger - Copying 0 resource
2018-04-25 18:50:22,076 [Worker-21] INFO  o.e.m.c.i.l.LifecycleMappingFactory - Using org.eclipse.m2e.jdt.JarLifecycleMapping lifecycle mapping for MavenProject: com.springboot.helloworld:helloworld-service:0.0.1-SNAPSHOT @ C:\workspaces\helloworld_springboot\helloworld-service\pom.xml.
2018-04-25 18:50:23,504 [Worker-21] INFO  o.e.m.c.i.embedder.EclipseLogger - Using 'UTF-8' encoding to copy filtered resources.
2018-04-25 18:50:23,508 [Worker-21] INFO  o.e.m.c.i.embedder.EclipseLogger - Copying 0 resource
2018-04-25 18:50:23,509 [Worker-21] INFO  o.e.m.c.i.embedder.EclipseLogger - Copying 0 resource
2018-04-25 18:50:23,512 [Worker-21] INFO  o.e.m.c.i.embedder.EclipseLogger - Using 'UTF-8' encoding to copy filtered resources.
2018-04-25 18:50:23,512 [Worker-21] INFO  o.e.m.c.i.embedder.EclipseLogger - Copying 0 resource
2018-04-25 18:51:11,023 [Worker-22] INFO  o.e.m.c.i.p.ProjectConfigurationManager - Update started
2018-04-25 18:51:11,656 [Worker-22] INFO  o.e.m.c.i.l.LifecycleMappingFactory - Using org.eclipse.m2e.jdt.JarLifecycleMapping lifecycle mapping for MavenProject: com.springboot.helloworld:helloworld-service:0.0.1-SNAPSHOT @ C:\workspaces\helloworld_springboot\helloworld-service\pom.xml.
2018-04-25 18:51:12,094 [Worker-22] INFO  o.e.m.j.i.AbstractJavaProjectConfigurator - Adding source folder /helloworld-service/src/main/java
2018-04-25 18:51:12,095 [Worker-22] INFO  o.e.m.j.i.AbstractJavaProjectConfigurator - Adding resource folder /helloworld-service/src/main/resources
2018-04-25 18:51:12,102 [Worker-22] INFO  o.e.m.j.i.AbstractJavaProjectConfigurator - Adding resource folder /helloworld-service/src/main/resources
2018-04-25 18:51:12,112 [Worker-22] INFO  o.e.m.j.i.AbstractJavaProjectConfigurator - Adding source folder /helloworld-service/src/test/java
2018-04-25 18:51:12,115 [Worker-22] INFO  o.e.m.j.i.AbstractJavaProjectConfigurator - Adding resource folder /helloworld-service/src/test/resources
2018-04-25 18:51:12,768 [Worker-22] INFO  o.e.m.c.i.p.ProjectConfigurationManager - Update completed: 1 sec
2018-04-26 09:57:11,911 [Worker-206] INFO  o.e.m.c.i.embedder.EclipseLogger - Using 'UTF-8' encoding to copy filtered resources.
2018-04-26 09:57:11,913 [Worker-206] INFO  o.e.m.c.i.embedder.EclipseLogger - Copying 1 resource
2018-04-26 09:57:11,934 [Worker-206] INFO  o.e.m.c.i.embedder.EclipseLogger - Copying 9 resources
2018-04-26 09:57:11,978 [Worker-206] INFO  o.e.m.c.i.embedder.EclipseLogger - Using 'UTF-8' encoding to copy filtered resources.
2018-04-26 09:57:11,979 [Worker-206] INFO  o.e.m.c.i.embedder.EclipseLogger - Copying 0 resource
2018-04-26 09:59:13,999 [Worker-207] INFO  o.e.m.c.i.embedder.EclipseLogger - Using 'UTF-8' encoding to copy filtered resources.
2018-04-26 09:59:14,001 [Worker-207] INFO  o.e.m.c.i.embedder.EclipseLogger - Copying 0 resource
2018-04-26 09:59:14,001 [Worker-207] INFO  o.e.m.c.i.embedder.EclipseLogger - Copying 0 resource
2018-04-26 09:59:14,006 [Worker-207] INFO  o.e.m.c.i.embedder.EclipseLogger - Using 'UTF-8' encoding to copy filtered resources.
2018-04-26 09:59:14,006 [Worker-207] INFO  o.e.m.c.i.embedder.EclipseLogger - Copying 0 resource
2018-04-26 10:47:47,226 [Worker-222] INFO  o.e.m.c.i.embedder.EclipseLogger - Using 'UTF-8' encoding to copy filtered resources.
2018-04-26 10:47:47,229 [Worker-222] INFO  o.e.m.c.i.embedder.EclipseLogger - Copying 1 resource
2018-04-26 10:47:47,236 [Worker-222] INFO  o.e.m.c.i.embedder.EclipseLogger - Copying 9 resources
2018-04-26 10:47:47,245 [Worker-222] INFO  o.e.m.c.i.embedder.EclipseLogger - Using 'UTF-8' encoding to copy filtered resources.
2018-04-26 10:47:47,245 [Worker-222] INFO  o.e.m.c.i.embedder.EclipseLogger - Copying 0 resource
2018-04-26 14:20:03,616 [Worker-267] INFO  o.e.m.c.i.l.LifecycleMappingFactory - Using org.eclipse.m2e.jdt.JarLifecycleMapping lifecycle mapping for MavenProject: com.springboot.helloworld:helloworld-service:0.0.1-SNAPSHOT @ C:\workspaces\helloworld_springboot\helloworld-service\pom.xml.
2018-04-26 14:20:04,829 [Worker-267] INFO  o.e.m.c.i.e.AbstractTransferListenerAdapter - Downloading https://repo.maven.apache.org/maven2/org/springframework/boot/spring-boot-starter-log4j2/1.5.9.RELEASE/spring-boot-starter-log4j2-1.5.9.RELEASE.pom
2018-04-26 14:20:04,871 [Worker-267] INFO  o.e.m.c.i.e.AbstractTransferListenerAdapter - Downloaded https://repo.maven.apache.org/maven2/org/springframework/boot/spring-boot-starter-log4j2/1.5.9.RELEASE/spring-boot-starter-log4j2-1.5.9.RELEASE.pom
2018-04-26 14:20:04,913 [Worker-267] INFO  o.e.m.c.i.e.AbstractTransferListenerAdapter - Downloading https://repo.maven.apache.org/maven2/org/apache/logging/log4j/log4j-slf4j-impl/2.7/log4j-slf4j-impl-2.7.pom
2018-04-26 14:20:04,932 [Worker-267] INFO  o.e.m.c.i.e.AbstractTransferListenerAdapter - Downloaded https://repo.maven.apache.org/maven2/org/apache/logging/log4j/log4j-slf4j-impl/2.7/log4j-slf4j-impl-2.7.pom
2018-04-26 14:20:04,954 [Worker-267] INFO  o.e.m.c.i.e.AbstractTransferListenerAdapter - Downloading https://repo.maven.apache.org/maven2/org/apache/logging/log4j/log4j/2.7/log4j-2.7.pom
2018-04-26 14:20:04,992 [Worker-267] INFO  o.e.m.c.i.e.AbstractTransferListenerAdapter - Downloaded https://repo.maven.apache.org/maven2/org/apache/logging/log4j/log4j/2.7/log4j-2.7.pom
2018-04-26 14:20:05,025 [Worker-267] INFO  o.e.m.c.i.e.AbstractTransferListenerAdapter - Downloading https://repo.maven.apache.org/maven2/org/apache/logging/log4j/log4j-api/2.7/log4j-api-2.7.pom
2018-04-26 14:20:05,045 [Worker-267] INFO  o.e.m.c.i.e.AbstractTransferListenerAdapter - Downloaded https://repo.maven.apache.org/maven2/org/apache/logging/log4j/log4j-api/2.7/log4j-api-2.7.pom
2018-04-26 14:20:05,080 [Worker-267] INFO  o.e.m.c.i.e.AbstractTransferListenerAdapter - Downloading https://repo.maven.apache.org/maven2/org/apache/logging/log4j/log4j-core/2.7/log4j-core-2.7.pom
2018-04-26 14:20:05,268 [Worker-267] INFO  o.e.m.c.i.e.AbstractTransferListenerAdapter - Downloaded https://repo.maven.apache.org/maven2/org/apache/logging/log4j/log4j-core/2.7/log4j-core-2.7.pom
2018-04-26 14:20:05,503 [Worker-267] INFO  o.e.m.c.i.e.AbstractTransferListenerAdapter - Downloading https://repo.maven.apache.org/maven2/org/springframework/boot/spring-boot-starter-log4j2/1.5.9.RELEASE/spring-boot-starter-log4j2-1.5.9.RELEASE.jar
2018-04-26 14:20:05,526 [Worker-267] INFO  o.e.m.c.i.e.AbstractTransferListenerAdapter - Downloaded https://repo.maven.apache.org/maven2/org/springframework/boot/spring-boot-starter-log4j2/1.5.9.RELEASE/spring-boot-starter-log4j2-1.5.9.RELEASE.jar
2018-04-26 14:20:05,620 [Worker-267] INFO  o.e.m.c.i.e.AbstractTransferListenerAdapter - Downloading https://repo.maven.apache.org/maven2/org/apache/logging/log4j/log4j-slf4j-impl/2.7/log4j-slf4j-impl-2.7.jar
2018-04-26 14:20:05,645 [Worker-267] INFO  o.e.m.c.i.e.AbstractTransferListenerAdapter - Downloaded https://repo.maven.apache.org/maven2/org/apache/logging/log4j/log4j-slf4j-impl/2.7/log4j-slf4j-impl-2.7.jar
2018-04-26 14:20:05,661 [Worker-267] INFO  o.e.m.c.i.e.AbstractTransferListenerAdapter - Downloading https://repo.maven.apache.org/maven2/org/apache/logging/log4j/log4j-api/2.7/log4j-api-2.7.jar
2018-04-26 14:20:05,745 [Worker-267] INFO  o.e.m.c.i.e.AbstractTransferListenerAdapter - Downloaded https://repo.maven.apache.org/maven2/org/apache/logging/log4j/log4j-api/2.7/log4j-api-2.7.jar
2018-04-26 14:20:05,775 [Worker-267] INFO  o.e.m.c.i.e.AbstractTransferListenerAdapter - Downloading https://repo.maven.apache.org/maven2/org/apache/logging/log4j/log4j-core/2.7/log4j-core-2.7.jar
2018-04-26 14:20:06,013 [Worker-267] INFO  o.e.m.c.i.e.AbstractTransferListenerAdapter - Downloaded https://repo.maven.apache.org/maven2/org/apache/logging/log4j/log4j-core/2.7/log4j-core-2.7.jar
2018-04-26 14:20:06,709 [Worker-267] INFO  o.e.m.c.i.embedder.EclipseLogger - Using 'UTF-8' encoding to copy filtered resources.
2018-04-26 14:20:06,713 [Worker-267] INFO  o.e.m.c.i.embedder.EclipseLogger - Copying 0 resource
2018-04-26 14:20:06,714 [Worker-267] INFO  o.e.m.c.i.embedder.EclipseLogger - Copying 2 resources
2018-04-26 14:20:06,731 [Worker-267] INFO  o.e.m.c.i.embedder.EclipseLogger - Using 'UTF-8' encoding to copy filtered resources.
2018-04-26 14:20:06,731 [Worker-267] INFO  o.e.m.c.i.embedder.EclipseLogger - Copying 0 resource
2018-04-26 14:26:10,290 [Worker-270] INFO  o.e.m.c.i.l.LifecycleMappingFactory - Using org.eclipse.m2e.jdt.JarLifecycleMapping lifecycle mapping for MavenProject: com.springboot.helloworld:helloworld-service:0.0.1-SNAPSHOT @ C:\workspaces\helloworld_springboot\helloworld-service\pom.xml.
2018-04-26 14:26:10,987 [Worker-270] INFO  o.e.m.c.i.embedder.EclipseLogger - Using 'UTF-8' encoding to copy filtered resources.
2018-04-26 14:26:10,993 [Worker-270] INFO  o.e.m.c.i.embedder.EclipseLogger - Copying 1 resource
2018-04-26 14:26:11,010 [Worker-270] INFO  o.e.m.c.i.embedder.EclipseLogger - Copying 11 resources
2018-04-26 14:26:11,305 [Worker-270] INFO  o.e.m.c.i.embedder.EclipseLogger - Using 'UTF-8' encoding to copy filtered resources.
2018-04-26 14:26:11,306 [Worker-270] INFO  o.e.m.c.i.embedder.EclipseLogger - Copying 0 resource
2018-05-01 15:36:24,456 [Worker-12] INFO  o.e.m.c.i.e.AbstractTransferListenerAdapter - Downloading https://repo.maven.apache.org/maven2/org/apache/maven/plugins/maven-war-plugin/2.6/maven-war-plugin-2.6.jar
2018-05-01 15:36:25,350 [Worker-12] INFO  o.e.m.c.i.e.AbstractTransferListenerAdapter - Downloaded https://repo.maven.apache.org/maven2/org/apache/maven/plugins/maven-war-plugin/2.6/maven-war-plugin-2.6.jar
2018-05-01 15:36:35,686 [Worker-12] INFO  o.e.m.c.i.l.LifecycleMappingFactory - Using org.maven.ide.eclipse.wtp.WarLifecycleMapping lifecycle mapping for MavenProject: com.springboot.helloworld:helloworld-service:0.0.1-SNAPSHOT @ C:\workspaces\helloworld_springboot\helloworld-service\pom.xml.
2018-05-01 15:36:40,856 [Worker-12] INFO  o.e.m.c.i.e.AbstractTransferListenerAdapter - Downloading https://repo.maven.apache.org/maven2/org/apache/maven/plugins/maven-war-plugin/2.6/maven-war-plugin-2.6.pom
2018-05-01 15:36:40,956 [Worker-12] INFO  o.e.m.c.i.e.AbstractTransferListenerAdapter - Downloaded https://repo.maven.apache.org/maven2/org/apache/maven/plugins/maven-war-plugin/2.6/maven-war-plugin-2.6.pom
2018-05-01 15:36:42,291 [Worker-12] INFO  o.e.m.c.i.e.AbstractTransferListenerAdapter - Downloading https://repo.maven.apache.org/maven2/org/codehaus/plexus/plexus-io/2.4.1/plexus-io-2.4.1.pom
2018-05-01 15:36:42,316 [Worker-12] INFO  o.e.m.c.i.e.AbstractTransferListenerAdapter - Downloaded https://repo.maven.apache.org/maven2/org/codehaus/plexus/plexus-io/2.4.1/plexus-io-2.4.1.pom
2018-05-01 15:36:42,396 [Worker-12] INFO  o.e.m.c.i.e.AbstractTransferListenerAdapter - Downloading https://repo.maven.apache.org/maven2/com/thoughtworks/xstream/xstream/1.4.4/xstream-1.4.4.pom
2018-05-01 15:36:42,422 [Worker-12] INFO  o.e.m.c.i.e.AbstractTransferListenerAdapter - Downloaded https://repo.maven.apache.org/maven2/com/thoughtworks/xstream/xstream/1.4.4/xstream-1.4.4.pom
2018-05-01 15:36:42,466 [Worker-12] INFO  o.e.m.c.i.e.AbstractTransferListenerAdapter - Downloading https://repo.maven.apache.org/maven2/com/thoughtworks/xstream/xstream-parent/1.4.4/xstream-parent-1.4.4.pom
2018-05-01 15:36:42,491 [Worker-12] INFO  o.e.m.c.i.e.AbstractTransferListenerAdapter - Downloaded https://repo.maven.apache.org/maven2/com/thoughtworks/xstream/xstream-parent/1.4.4/xstream-parent-1.4.4.pom
2018-05-01 15:36:42,644 [Worker-12] INFO  o.e.m.c.i.e.AbstractTransferListenerAdapter - Downloading https://repo.maven.apache.org/maven2/org/apache/maven/shared/maven-filtering/1.3/maven-filtering-1.3.pom
2018-05-01 15:36:42,668 [Worker-12] INFO  o.e.m.c.i.e.AbstractTransferListenerAdapter - Downloaded https://repo.maven.apache.org/maven2/org/apache/maven/shared/maven-filtering/1.3/maven-filtering-1.3.pom
2018-05-01 15:36:42,693 [Worker-12] INFO  o.e.m.c.i.e.AbstractTransferListenerAdapter - Downloading https://repo.maven.apache.org/maven2/org/apache/maven/shared/maven-shared-utils/0.6/maven-shared-utils-0.6.pom
2018-05-01 15:36:42,712 [Worker-12] INFO  o.e.m.c.i.e.AbstractTransferListenerAdapter - Downloaded https://repo.maven.apache.org/maven2/org/apache/maven/shared/maven-shared-utils/0.6/maven-shared-utils-0.6.pom
2018-05-01 15:36:42,744 [Worker-12] INFO  o.e.m.c.i.e.AbstractTransferListenerAdapter - Downloading https://repo.maven.apache.org/maven2/org/codehaus/plexus/plexus-utils/3.0.18/plexus-utils-3.0.18.pom
2018-05-01 15:36:42,763 [Worker-12] INFO  o.e.m.c.i.e.AbstractTransferListenerAdapter - Downloaded https://repo.maven.apache.org/maven2/org/codehaus/plexus/plexus-utils/3.0.18/plexus-utils-3.0.18.pom
2018-05-01 15:36:42,791 [Worker-12] INFO  o.e.m.c.i.e.AbstractTransferListenerAdapter - Downloading https://repo.maven.apache.org/maven2/org/codehaus/plexus/plexus-interpolation/1.19/plexus-interpolation-1.19.pom
2018-05-01 15:36:42,810 [Worker-12] INFO  o.e.m.c.i.e.AbstractTransferListenerAdapter - Downloaded https://repo.maven.apache.org/maven2/org/codehaus/plexus/plexus-interpolation/1.19/plexus-interpolation-1.19.pom
2018-05-01 15:36:42,895 [Worker-12] INFO  o.e.m.c.i.e.AbstractTransferListenerAdapter - Downloading https://repo.maven.apache.org/maven2/org/apache/maven/shared/maven-mapping/1.0/maven-mapping-1.0.pom
2018-05-01 15:36:42,913 [Worker-12] INFO  o.e.m.c.i.e.AbstractTransferListenerAdapter - Downloaded https://repo.maven.apache.org/maven2/org/apache/maven/shared/maven-mapping/1.0/maven-mapping-1.0.pom
2018-05-01 15:36:43,038 [Worker-12] INFO  o.e.m.c.i.e.AbstractTransferListenerAdapter - Downloading https://repo.maven.apache.org/maven2/org/codehaus/plexus/plexus-io/2.4.1/plexus-io-2.4.1.jar
2018-05-01 15:36:43,073 [Worker-12] INFO  o.e.m.c.i.e.AbstractTransferListenerAdapter - Downloaded https://repo.maven.apache.org/maven2/org/codehaus/plexus/plexus-io/2.4.1/plexus-io-2.4.1.jar
2018-05-01 15:36:43,087 [Worker-12] INFO  o.e.m.c.i.e.AbstractTransferListenerAdapter - Downloading https://repo.maven.apache.org/maven2/org/codehaus/plexus/plexus-interpolation/1.21/plexus-interpolation-1.21.jar
2018-05-01 15:36:43,111 [Worker-12] INFO  o.e.m.c.i.e.AbstractTransferListenerAdapter - Downloaded https://repo.maven.apache.org/maven2/org/codehaus/plexus/plexus-interpolation/1.21/plexus-interpolation-1.21.jar
2018-05-01 15:36:43,125 [Worker-12] INFO  o.e.m.c.i.e.AbstractTransferListenerAdapter - Downloading https://repo.maven.apache.org/maven2/com/thoughtworks/xstream/xstream/1.4.4/xstream-1.4.4.jar
2018-05-01 15:36:43,228 [Worker-12] INFO  o.e.m.c.i.e.AbstractTransferListenerAdapter - Downloaded https://repo.maven.apache.org/maven2/com/thoughtworks/xstream/xstream/1.4.4/xstream-1.4.4.jar
2018-05-01 15:36:43,240 [Worker-12] INFO  o.e.m.c.i.e.AbstractTransferListenerAdapter - Downloading https://repo.maven.apache.org/maven2/org/apache/maven/shared/maven-filtering/1.3/maven-filtering-1.3.jar
2018-05-01 15:36:43,269 [Worker-12] INFO  o.e.m.c.i.e.AbstractTransferListenerAdapter - Downloaded https://repo.maven.apache.org/maven2/org/apache/maven/shared/maven-filtering/1.3/maven-filtering-1.3.jar
2018-05-01 15:36:43,283 [Worker-12] INFO  o.e.m.c.i.e.AbstractTransferListenerAdapter - Downloading https://repo.maven.apache.org/maven2/org/apache/maven/shared/maven-mapping/1.0/maven-mapping-1.0.jar
2018-05-01 15:36:43,301 [Worker-12] INFO  o.e.m.c.i.e.AbstractTransferListenerAdapter - Downloaded https://repo.maven.apache.org/maven2/org/apache/maven/shared/maven-mapping/1.0/maven-mapping-1.0.jar
2018-05-01 16:00:30,719 [Worker-29] INFO  c.g.t.t.d.PublishedGradleVersions - Gradle version information cache is out-of-date. Trying to update.
2018-05-01 16:02:21,095 [Worker-28] INFO  o.e.m.c.i.l.LifecycleMappingFactory - Using org.maven.ide.eclipse.wtp.WarLifecycleMapping lifecycle mapping for MavenProject: com.springboot.helloworld:helloworld-service:0.0.1-SNAPSHOT @ C:\workspaces\helloworld_springboot\helloworld-service\pom.xml.
2018-05-01 16:02:22,664 [Worker-28] INFO  o.e.m.c.i.embedder.EclipseLogger - Using 'UTF-8' encoding to copy filtered resources.
2018-05-01 16:02:22,670 [Worker-28] INFO  o.e.m.c.i.embedder.EclipseLogger - Copying 1 resource
2018-05-01 16:02:22,694 [Worker-28] INFO  o.e.m.c.i.embedder.EclipseLogger - Copying 11 resources
2018-05-01 16:02:23,027 [Worker-28] INFO  o.e.m.c.i.embedder.EclipseLogger - Using 'UTF-8' encoding to copy filtered resources.
2018-05-01 16:02:23,027 [Worker-28] INFO  o.e.m.c.i.embedder.EclipseLogger - Copying 0 resource
2018-05-01 16:03:59,423 [Worker-28] INFO  o.e.m.c.i.l.LifecycleMappingFactory - Using org.eclipse.m2e.jdt.JarLifecycleMapping lifecycle mapping for MavenProject: com.springboot.helloworld:helloworld-service:0.0.1-SNAPSHOT @ C:\workspaces\helloworld_springboot\helloworld-service\pom.xml.
2018-05-01 16:04:00,544 [Worker-28] INFO  o.e.m.c.i.embedder.EclipseLogger - Using 'UTF-8' encoding to copy filtered resources.
2018-05-01 16:04:00,549 [Worker-28] INFO  o.e.m.c.i.embedder.EclipseLogger - Copying 1 resource
2018-05-01 16:04:00,570 [Worker-28] INFO  o.e.m.c.i.embedder.EclipseLogger - Copying 9 resources
2018-05-01 16:04:00,598 [Worker-28] INFO  o.e.m.c.i.embedder.EclipseLogger - Using 'UTF-8' encoding to copy filtered resources.
2018-05-01 16:04:00,600 [Worker-28] INFO  o.e.m.c.i.embedder.EclipseLogger - Copying 0 resource
2018-05-01 16:05:56,475 [Worker-34] INFO  o.e.m.c.i.embedder.EclipseLogger - Using 'UTF-8' encoding to copy filtered resources.
2018-05-01 16:05:56,475 [Worker-34] INFO  o.e.m.c.i.embedder.EclipseLogger - Copying 1 resource
2018-05-01 16:05:56,485 [Worker-34] INFO  o.e.m.c.i.embedder.EclipseLogger - Copying 0 resource
2018-05-01 16:05:56,487 [Worker-34] INFO  o.e.m.c.i.embedder.EclipseLogger - Using 'UTF-8' encoding to copy filtered resources.
2018-05-01 16:05:56,488 [Worker-34] INFO  o.e.m.c.i.embedder.EclipseLogger - Copying 0 resource
2018-05-01 16:06:56,831 [Worker-34] INFO  o.e.m.c.i.l.LifecycleMappingFactory - Using org.eclipse.m2e.jdt.JarLifecycleMapping lifecycle mapping for MavenProject: com.springboot.helloworld:helloworld-service:0.0.1-SNAPSHOT @ C:\workspaces\helloworld_springboot\helloworld-service\pom.xml.
2018-05-01 16:06:57,760 [Worker-34] INFO  o.e.m.c.i.embedder.EclipseLogger - Using 'UTF-8' encoding to copy filtered resources.
2018-05-01 16:06:57,762 [Worker-34] INFO  o.e.m.c.i.embedder.EclipseLogger - Copying 0 resource
2018-05-01 16:06:57,763 [Worker-34] INFO  o.e.m.c.i.embedder.EclipseLogger - Copying 0 resource
2018-05-01 16:06:57,769 [Worker-34] INFO  o.e.m.c.i.embedder.EclipseLogger - Using 'UTF-8' encoding to copy filtered resources.
2018-05-01 16:06:57,771 [Worker-34] INFO  o.e.m.c.i.embedder.EclipseLogger - Copying 0 resource
2018-05-04 12:37:10,373 [Worker-595] INFO  o.e.m.c.i.l.LifecycleMappingFactory - Using org.maven.ide.eclipse.wtp.WarLifecycleMapping lifecycle mapping for MavenProject: com.springboot.helloworld:helloworld-service:0.0.1-SNAPSHOT @ C:\workspaces\helloworld_springboot\helloworld-service\pom.xml.
2018-05-04 12:37:11,284 [Worker-595] INFO  o.e.m.c.i.e.AbstractTransferListenerAdapter - Downloading https://repo.maven.apache.org/maven2/org/springframework/boot/spring-boot-starter-actuator/1.5.9.RELEASE/spring-boot-starter-actuator-1.5.9.RELEASE.pom
2018-05-04 12:37:11,385 [Worker-595] INFO  o.e.m.c.i.e.AbstractTransferListenerAdapter - Downloaded https://repo.maven.apache.org/maven2/org/springframework/boot/spring-boot-starter-actuator/1.5.9.RELEASE/spring-boot-starter-actuator-1.5.9.RELEASE.pom
2018-05-04 12:37:11,413 [Worker-595] INFO  o.e.m.c.i.e.AbstractTransferListenerAdapter - Downloading https://repo.maven.apache.org/maven2/org/springframework/boot/spring-boot-actuator/1.5.9.RELEASE/spring-boot-actuator-1.5.9.RELEASE.pom
2018-05-04 12:37:11,451 [Worker-595] INFO  o.e.m.c.i.e.AbstractTransferListenerAdapter - Downloaded https://repo.maven.apache.org/maven2/org/springframework/boot/spring-boot-actuator/1.5.9.RELEASE/spring-boot-actuator-1.5.9.RELEASE.pom
2018-05-04 12:37:11,528 [Worker-595] INFO  o.e.m.c.i.e.AbstractTransferListenerAdapter - Downloading https://repo.maven.apache.org/maven2/org/springframework/boot/spring-boot-starter-actuator/1.5.9.RELEASE/spring-boot-starter-actuator-1.5.9.RELEASE.jar
2018-05-04 12:37:11,544 [Worker-595] INFO  o.e.m.c.i.e.AbstractTransferListenerAdapter - Downloaded https://repo.maven.apache.org/maven2/org/springframework/boot/spring-boot-starter-actuator/1.5.9.RELEASE/spring-boot-starter-actuator-1.5.9.RELEASE.jar
2018-05-04 12:37:11,558 [Worker-595] INFO  o.e.m.c.i.e.AbstractTransferListenerAdapter - Downloading https://repo.maven.apache.org/maven2/org/springframework/boot/spring-boot-actuator/1.5.9.RELEASE/spring-boot-actuator-1.5.9.RELEASE.jar
2018-05-04 12:37:11,689 [Worker-595] INFO  o.e.m.c.i.e.AbstractTransferListenerAdapter - Downloaded https://repo.maven.apache.org/maven2/org/springframework/boot/spring-boot-actuator/1.5.9.RELEASE/spring-boot-actuator-1.5.9.RELEASE.jar
2018-05-04 12:37:14,283 [Worker-595] INFO  o.e.m.c.i.embedder.EclipseLogger - Using 'UTF-8' encoding to copy filtered resources.
2018-05-04 12:37:14,316 [Worker-595] INFO  o.e.m.c.i.embedder.EclipseLogger - Copying 1 resource
2018-05-04 12:37:14,334 [Worker-595] INFO  o.e.m.c.i.embedder.EclipseLogger - Copying 9 resources
2018-05-04 12:37:14,532 [Worker-595] INFO  o.e.m.c.i.embedder.EclipseLogger - Using 'UTF-8' encoding to copy filtered resources.
2018-05-04 12:37:14,532 [Worker-595] INFO  o.e.m.c.i.embedder.EclipseLogger - Copying 0 resource
2018-05-04 12:37:14,535 [Worker-595] INFO  o.e.m.w.i.f.ResourceFilteringBuildParticipant - Changed resources require a complete clean of filtered resources of helloworld-service
2018-05-04 12:37:14,536 [Worker-595] INFO  o.e.m.w.i.f.ResourceFilteringBuildParticipant - Executing resource filtering for helloworld-service
2018-05-04 12:37:14,541 [Worker-595] WARN  o.e.m.c.i.embedder.EclipseLogger - The POM for org.apache.maven.plugins:maven-help-plugin:jar:2.2 is missing, no dependency information available
2018-05-04 12:37:14,558 [Worker-595] WARN  o.e.m.c.i.embedder.EclipseLogger - Failed to retrieve plugin descriptor for org.apache.maven.plugins:maven-help-plugin:2.2: Plugin org.apache.maven.plugins:maven-help-plugin:2.2 or one of its dependencies could not be resolved: Cannot access central (https://repo.maven.apache.org/maven2) in offline mode and the artifact org.apache.maven.plugins:maven-help-plugin:jar:2.2 has not been downloaded from it before.
2018-05-04 12:37:14,560 [Worker-595] WARN  o.e.m.c.i.embedder.EclipseLogger - The POM for org.codehaus.mojo:xml-maven-plugin:jar:1.0 is missing, no dependency information available
2018-05-04 12:37:14,561 [Worker-595] WARN  o.e.m.c.i.embedder.EclipseLogger - Failed to retrieve plugin descriptor for org.codehaus.mojo:xml-maven-plugin:1.0: Plugin org.codehaus.mojo:xml-maven-plugin:1.0 or one of its dependencies could not be resolved: Cannot access central (https://repo.maven.apache.org/maven2) in offline mode and the artifact org.codehaus.mojo:xml-maven-plugin:jar:1.0 has not been downloaded from it before.
2018-05-04 12:37:14,562 [Worker-595] WARN  o.e.m.c.i.embedder.EclipseLogger - The POM for org.codehaus.mojo:build-helper-maven-plugin:jar:1.10 is missing, no dependency information available
2018-05-04 12:37:14,563 [Worker-595] WARN  o.e.m.c.i.embedder.EclipseLogger - Failed to retrieve plugin descriptor for org.codehaus.mojo:build-helper-maven-plugin:1.10: Plugin org.codehaus.mojo:build-helper-maven-plugin:1.10 or one of its dependencies could not be resolved: Cannot access central (https://repo.maven.apache.org/maven2) in offline mode and the artifact org.codehaus.mojo:build-helper-maven-plugin:jar:1.10 has not been downloaded from it before.
2018-05-04 12:37:14,565 [Worker-595] WARN  o.e.m.c.i.embedder.EclipseLogger - The POM for org.apache.maven.plugins:maven-clean-plugin:jar:2.6.1 is missing, no dependency information available
2018-05-04 12:37:14,569 [Worker-595] WARN  o.e.m.c.i.embedder.EclipseLogger - The POM for org.apache.maven.plugins:maven-help-plugin:jar:2.2 is missing, no dependency information available
2018-05-04 12:37:14,569 [Worker-595] WARN  o.e.m.c.i.embedder.EclipseLogger - Failed to retrieve plugin descriptor for org.apache.maven.plugins:maven-help-plugin:2.2: Plugin org.apache.maven.plugins:maven-help-plugin:2.2 or one of its dependencies could not be resolved: Cannot access central (https://repo.maven.apache.org/maven2) in offline mode and the artifact org.apache.maven.plugins:maven-help-plugin:jar:2.2 has not been downloaded from it before.
2018-05-04 12:37:14,570 [Worker-595] WARN  o.e.m.c.i.embedder.EclipseLogger - The POM for org.codehaus.mojo:xml-maven-plugin:jar:1.0 is missing, no dependency information available
2018-05-04 12:37:14,571 [Worker-595] WARN  o.e.m.c.i.embedder.EclipseLogger - Failed to retrieve plugin descriptor for org.codehaus.mojo:xml-maven-plugin:1.0: Plugin org.codehaus.mojo:xml-maven-plugin:1.0 or one of its dependencies could not be resolved: Cannot access central (https://repo.maven.apache.org/maven2) in offline mode and the artifact org.codehaus.mojo:xml-maven-plugin:jar:1.0 has not been downloaded from it before.
2018-05-04 12:37:14,572 [Worker-595] WARN  o.e.m.c.i.embedder.EclipseLogger - The POM for org.codehaus.mojo:build-helper-maven-plugin:jar:1.10 is missing, no dependency information available
2018-05-04 12:37:14,573 [Worker-595] WARN  o.e.m.c.i.embedder.EclipseLogger - Failed to retrieve plugin descriptor for org.codehaus.mojo:build-helper-maven-plugin:1.10: Plugin org.codehaus.mojo:build-helper-maven-plugin:1.10 or one of its dependencies could not be resolved: Cannot access central (https://repo.maven.apache.org/maven2) in offline mode and the artifact org.codehaus.mojo:build-helper-maven-plugin:jar:1.10 has not been downloaded from it before.
2018-05-04 12:37:14,577 [Worker-595] INFO  o.e.m.c.i.embedder.EclipseLogger - Using 'UTF-8' encoding to copy filtered resources.
2018-05-04 16:09:36,786 [Worker-632] INFO  o.e.m.c.i.p.ProjectConfigurationManager - Update started
2018-05-04 16:09:39,508 [Worker-632] INFO  o.e.m.c.i.l.LifecycleMappingFactory - Using org.maven.ide.eclipse.wtp.WarLifecycleMapping lifecycle mapping for MavenProject: com.springboot.helloworld:helloworld-service:0.0.1-SNAPSHOT @ C:\workspaces\helloworld_springboot\helloworld-service\pom.xml.
2018-05-04 16:09:40,237 [Worker-632] INFO  o.e.m.c.i.e.AbstractTransferListenerAdapter - Downloading https://repo.maven.apache.org/maven2/org/springframework/boot/spring-boot-starter-data-jpa/1.5.9.RELEASE/spring-boot-starter-data-jpa-1.5.9.RELEASE.pom
2018-05-04 16:09:40,311 [Worker-632] INFO  o.e.m.c.i.e.AbstractTransferListenerAdapter - Downloaded https://repo.maven.apache.org/maven2/org/springframework/boot/spring-boot-starter-data-jpa/1.5.9.RELEASE/spring-boot-starter-data-jpa-1.5.9.RELEASE.pom
2018-05-04 16:09:40,357 [Worker-632] INFO  o.e.m.c.i.e.AbstractTransferListenerAdapter - Downloading https://repo.maven.apache.org/maven2/org/springframework/boot/spring-boot-starter-aop/1.5.9.RELEASE/spring-boot-starter-aop-1.5.9.RELEASE.pom
2018-05-04 16:09:40,375 [Worker-632] INFO  o.e.m.c.i.e.AbstractTransferListenerAdapter - Downloaded https://repo.maven.apache.org/maven2/org/springframework/boot/spring-boot-starter-aop/1.5.9.RELEASE/spring-boot-starter-aop-1.5.9.RELEASE.pom
2018-05-04 16:09:40,814 [Worker-632] INFO  o.e.m.c.i.e.AbstractTransferListenerAdapter - Downloading https://repo.maven.apache.org/maven2/org/aspectj/aspectjweaver/1.8.13/aspectjweaver-1.8.13.pom
2018-05-04 16:09:40,833 [Worker-632] INFO  o.e.m.c.i.e.AbstractTransferListenerAdapter - Downloaded https://repo.maven.apache.org/maven2/org/aspectj/aspectjweaver/1.8.13/aspectjweaver-1.8.13.pom
2018-05-04 16:09:40,954 [Worker-632] INFO  o.e.m.c.i.e.AbstractTransferListenerAdapter - Downloading https://repo.maven.apache.org/maven2/org/springframework/boot/spring-boot-starter-jdbc/1.5.9.RELEASE/spring-boot-starter-jdbc-1.5.9.RELEASE.pom
2018-05-04 16:09:40,973 [Worker-632] INFO  o.e.m.c.i.e.AbstractTransferListenerAdapter - Downloaded https://repo.maven.apache.org/maven2/org/springframework/boot/spring-boot-starter-jdbc/1.5.9.RELEASE/spring-boot-starter-jdbc-1.5.9.RELEASE.pom
2018-05-04 16:09:41,006 [Worker-632] INFO  o.e.m.c.i.e.AbstractTransferListenerAdapter - Downloading https://repo.maven.apache.org/maven2/org/apache/tomcat/tomcat-jdbc/8.5.23/tomcat-jdbc-8.5.23.pom
2018-05-04 16:09:41,025 [Worker-632] INFO  o.e.m.c.i.e.AbstractTransferListenerAdapter - Downloaded https://repo.maven.apache.org/maven2/org/apache/tomcat/tomcat-jdbc/8.5.23/tomcat-jdbc-8.5.23.pom
2018-05-04 16:09:41,046 [Worker-632] INFO  o.e.m.c.i.e.AbstractTransferListenerAdapter - Downloading https://repo.maven.apache.org/maven2/org/apache/tomcat/tomcat-juli/8.5.23/tomcat-juli-8.5.23.pom
2018-05-04 16:09:41,065 [Worker-632] INFO  o.e.m.c.i.e.AbstractTransferListenerAdapter - Downloaded https://repo.maven.apache.org/maven2/org/apache/tomcat/tomcat-juli/8.5.23/tomcat-juli-8.5.23.pom
2018-05-04 16:09:41,101 [Worker-632] INFO  o.e.m.c.i.e.AbstractTransferListenerAdapter - Downloading https://repo.maven.apache.org/maven2/org/springframework/spring-jdbc/4.3.13.RELEASE/spring-jdbc-4.3.13.RELEASE.pom
2018-05-04 16:09:41,127 [Worker-632] INFO  o.e.m.c.i.e.AbstractTransferListenerAdapter - Downloaded https://repo.maven.apache.org/maven2/org/springframework/spring-jdbc/4.3.13.RELEASE/spring-jdbc-4.3.13.RELEASE.pom
2018-05-04 16:09:41,160 [Worker-632] INFO  o.e.m.c.i.e.AbstractTransferListenerAdapter - Downloading https://repo.maven.apache.org/maven2/org/springframework/spring-tx/4.3.13.RELEASE/spring-tx-4.3.13.RELEASE.pom
2018-05-04 16:09:41,179 [Worker-632] INFO  o.e.m.c.i.e.AbstractTransferListenerAdapter - Downloaded https://repo.maven.apache.org/maven2/org/springframework/spring-tx/4.3.13.RELEASE/spring-tx-4.3.13.RELEASE.pom
2018-05-04 16:09:41,201 [Worker-632] INFO  o.e.m.c.i.e.AbstractTransferListenerAdapter - Downloading https://repo.maven.apache.org/maven2/org/hibernate/hibernate-core/5.0.12.Final/hibernate-core-5.0.12.Final.pom
2018-05-04 16:09:41,219 [Worker-632] INFO  o.e.m.c.i.e.AbstractTransferListenerAdapter - Downloaded https://repo.maven.apache.org/maven2/org/hibernate/hibernate-core/5.0.12.Final/hibernate-core-5.0.12.Final.pom
2018-05-04 16:09:41,260 [Worker-632] INFO  o.e.m.c.i.e.AbstractTransferListenerAdapter - Downloading https://repo.maven.apache.org/maven2/org/hibernate/javax/persistence/hibernate-jpa-2.1-api/1.0.0.Final/hibernate-jpa-2.1-api-1.0.0.Final.pom
2018-05-04 16:09:41,284 [Worker-632] INFO  o.e.m.c.i.e.AbstractTransferListenerAdapter - Downloaded https://repo.maven.apache.org/maven2/org/hibernate/javax/persistence/hibernate-jpa-2.1-api/1.0.0.Final/hibernate-jpa-2.1-api-1.0.0.Final.pom
2018-05-04 16:09:41,391 [Worker-632] INFO  o.e.m.c.i.e.AbstractTransferListenerAdapter - Downloading https://repo.maven.apache.org/maven2/org/jboss/jandex/2.0.0.Final/jandex-2.0.0.Final.pom
2018-05-04 16:09:41,410 [Worker-632] INFO  o.e.m.c.i.e.AbstractTransferListenerAdapter - Downloaded https://repo.maven.apache.org/maven2/org/jboss/jandex/2.0.0.Final/jandex-2.0.0.Final.pom
2018-05-04 16:09:41,429 [Worker-632] INFO  o.e.m.c.i.e.AbstractTransferListenerAdapter - Downloading https://repo.maven.apache.org/maven2/org/jboss/jboss-parent/12/jboss-parent-12.pom
2018-05-04 16:09:41,467 [Worker-632] INFO  o.e.m.c.i.e.AbstractTransferListenerAdapter - Downloaded https://repo.maven.apache.org/maven2/org/jboss/jboss-parent/12/jboss-parent-12.pom
2018-05-04 16:09:41,853 [Worker-632] INFO  o.e.m.c.i.e.AbstractTransferListenerAdapter - Downloading https://repo.maven.apache.org/maven2/org/hibernate/common/hibernate-commons-annotations/5.0.1.Final/hibernate-commons-annotations-5.0.1.Final.pom
2018-05-04 16:09:41,872 [Worker-632] INFO  o.e.m.c.i.e.AbstractTransferListenerAdapter - Downloaded https://repo.maven.apache.org/maven2/org/hibernate/common/hibernate-commons-annotations/5.0.1.Final/hibernate-commons-annotations-5.0.1.Final.pom
2018-05-04 16:09:41,897 [Worker-632] INFO  o.e.m.c.i.e.AbstractTransferListenerAdapter - Downloading https://repo.maven.apache.org/maven2/org/hibernate/hibernate-entitymanager/5.0.12.Final/hibernate-entitymanager-5.0.12.Final.pom
2018-05-04 16:09:41,916 [Worker-632] INFO  o.e.m.c.i.e.AbstractTransferListenerAdapter - Downloaded https://repo.maven.apache.org/maven2/org/hibernate/hibernate-entitymanager/5.0.12.Final/hibernate-entitymanager-5.0.12.Final.pom
2018-05-04 16:09:41,938 [Worker-632] INFO  o.e.m.c.i.e.AbstractTransferListenerAdapter - Downloading https://repo.maven.apache.org/maven2/javax/transaction/javax.transaction-api/1.2/javax.transaction-api-1.2.pom
2018-05-04 16:09:41,960 [Worker-632] INFO  o.e.m.c.i.e.AbstractTransferListenerAdapter - Downloaded https://repo.maven.apache.org/maven2/javax/transaction/javax.transaction-api/1.2/javax.transaction-api-1.2.pom
2018-05-04 16:09:42,007 [Worker-632] INFO  o.e.m.c.i.e.AbstractTransferListenerAdapter - Downloading https://repo.maven.apache.org/maven2/org/springframework/data/spring-data-jpa/1.11.9.RELEASE/spring-data-jpa-1.11.9.RELEASE.pom
2018-05-04 16:09:42,030 [Worker-632] INFO  o.e.m.c.i.e.AbstractTransferListenerAdapter - Downloaded https://repo.maven.apache.org/maven2/org/springframework/data/spring-data-jpa/1.11.9.RELEASE/spring-data-jpa-1.11.9.RELEASE.pom
2018-05-04 16:09:42,062 [Worker-632] INFO  o.e.m.c.i.e.AbstractTransferListenerAdapter - Downloading https://repo.maven.apache.org/maven2/org/springframework/data/build/spring-data-parent/1.9.9.RELEASE/spring-data-parent-1.9.9.RELEASE.pom
2018-05-04 16:09:42,138 [Worker-632] INFO  o.e.m.c.i.e.AbstractTransferListenerAdapter - Downloaded https://repo.maven.apache.org/maven2/org/springframework/data/build/spring-data-parent/1.9.9.RELEASE/spring-data-parent-1.9.9.RELEASE.pom
2018-05-04 16:09:42,164 [Worker-632] INFO  o.e.m.c.i.e.AbstractTransferListenerAdapter - Downloading https://repo.maven.apache.org/maven2/org/springframework/data/spring-data-commons/1.13.9.RELEASE/spring-data-commons-1.13.9.RELEASE.pom
2018-05-04 16:09:42,183 [Worker-632] INFO  o.e.m.c.i.e.AbstractTransferListenerAdapter - Downloaded https://repo.maven.apache.org/maven2/org/springframework/data/spring-data-commons/1.13.9.RELEASE/spring-data-commons-1.13.9.RELEASE.pom
2018-05-04 16:09:42,221 [Worker-632] INFO  o.e.m.c.i.e.AbstractTransferListenerAdapter - Downloading https://repo.maven.apache.org/maven2/org/springframework/spring-orm/4.3.13.RELEASE/spring-orm-4.3.13.RELEASE.pom
2018-05-04 16:09:42,242 [Worker-632] INFO  o.e.m.c.i.e.AbstractTransferListenerAdapter - Downloaded https://repo.maven.apache.org/maven2/org/springframework/spring-orm/4.3.13.RELEASE/spring-orm-4.3.13.RELEASE.pom
2018-05-04 16:09:42,264 [Worker-632] INFO  o.e.m.c.i.e.AbstractTransferListenerAdapter - Downloading https://repo.maven.apache.org/maven2/org/springframework/spring-aspects/4.3.13.RELEASE/spring-aspects-4.3.13.RELEASE.pom
2018-05-04 16:09:42,286 [Worker-632] INFO  o.e.m.c.i.e.AbstractTransferListenerAdapter - Downloaded https://repo.maven.apache.org/maven2/org/springframework/spring-aspects/4.3.13.RELEASE/spring-aspects-4.3.13.RELEASE.pom
2018-05-04 16:09:42,439 [Worker-632] INFO  o.e.m.c.i.e.AbstractTransferListenerAdapter - Downloading https://repo.maven.apache.org/maven2/org/springframework/boot/spring-boot-starter-data-jpa/1.5.9.RELEASE/spring-boot-starter-data-jpa-1.5.9.RELEASE.jar
2018-05-04 16:09:42,457 [Worker-632] INFO  o.e.m.c.i.e.AbstractTransferListenerAdapter - Downloaded https://repo.maven.apache.org/maven2/org/springframework/boot/spring-boot-starter-data-jpa/1.5.9.RELEASE/spring-boot-starter-data-jpa-1.5.9.RELEASE.jar
2018-05-04 16:09:42,469 [Worker-632] INFO  o.e.m.c.i.e.AbstractTransferListenerAdapter - Downloading https://repo.maven.apache.org/maven2/org/springframework/boot/spring-boot-starter-aop/1.5.9.RELEASE/spring-boot-starter-aop-1.5.9.RELEASE.jar
2018-05-04 16:09:42,488 [Worker-632] INFO  o.e.m.c.i.e.AbstractTransferListenerAdapter - Downloaded https://repo.maven.apache.org/maven2/org/springframework/boot/spring-boot-starter-aop/1.5.9.RELEASE/spring-boot-starter-aop-1.5.9.RELEASE.jar
2018-05-04 16:09:42,502 [Worker-632] INFO  o.e.m.c.i.e.AbstractTransferListenerAdapter - Downloading https://repo.maven.apache.org/maven2/org/aspectj/aspectjweaver/1.8.13/aspectjweaver-1.8.13.jar
2018-05-04 16:09:42,813 [Worker-632] INFO  o.e.m.c.i.e.AbstractTransferListenerAdapter - Downloaded https://repo.maven.apache.org/maven2/org/aspectj/aspectjweaver/1.8.13/aspectjweaver-1.8.13.jar
2018-05-04 16:09:42,825 [Worker-632] INFO  o.e.m.c.i.e.AbstractTransferListenerAdapter - Downloading https://repo.maven.apache.org/maven2/org/hibernate/hibernate-core/5.0.12.Final/hibernate-core-5.0.12.Final.jar
2018-05-04 16:09:48,471 [Worker-632] INFO  o.e.m.c.i.e.AbstractTransferListenerAdapter - Downloaded https://repo.maven.apache.org/maven2/org/hibernate/hibernate-core/5.0.12.Final/hibernate-core-5.0.12.Final.jar
2018-05-04 16:09:48,488 [Worker-632] INFO  o.e.m.c.i.e.AbstractTransferListenerAdapter - Downloading https://repo.maven.apache.org/maven2/org/hibernate/javax/persistence/hibernate-jpa-2.1-api/1.0.0.Final/hibernate-jpa-2.1-api-1.0.0.Final.jar
2018-05-04 16:09:48,525 [Worker-632] INFO  o.e.m.c.i.e.AbstractTransferListenerAdapter - Downloaded https://repo.maven.apache.org/maven2/org/hibernate/javax/persistence/hibernate-jpa-2.1-api/1.0.0.Final/hibernate-jpa-2.1-api-1.0.0.Final.jar
2018-05-04 16:09:48,550 [Worker-632] INFO  o.e.m.c.i.e.AbstractTransferListenerAdapter - Downloading https://repo.maven.apache.org/maven2/org/jboss/jandex/2.0.0.Final/jandex-2.0.0.Final.jar
2018-05-04 16:09:48,604 [Worker-632] INFO  o.e.m.c.i.e.AbstractTransferListenerAdapter - Downloaded https://repo.maven.apache.org/maven2/org/jboss/jandex/2.0.0.Final/jandex-2.0.0.Final.jar
2018-05-04 16:09:48,617 [Worker-632] INFO  o.e.m.c.i.e.AbstractTransferListenerAdapter - Downloading https://repo.maven.apache.org/maven2/org/hibernate/common/hibernate-commons-annotations/5.0.1.Final/hibernate-commons-annotations-5.0.1.Final.jar
2018-05-04 16:09:48,642 [Worker-632] INFO  o.e.m.c.i.e.AbstractTransferListenerAdapter - Downloaded https://repo.maven.apache.org/maven2/org/hibernate/common/hibernate-commons-annotations/5.0.1.Final/hibernate-commons-annotations-5.0.1.Final.jar
2018-05-04 16:09:48,654 [Worker-632] INFO  o.e.m.c.i.e.AbstractTransferListenerAdapter - Downloading https://repo.maven.apache.org/maven2/org/hibernate/hibernate-entitymanager/5.0.12.Final/hibernate-entitymanager-5.0.12.Final.jar
2018-05-04 16:09:50,513 [Worker-632] INFO  o.e.m.c.i.e.AbstractTransferListenerAdapter - Downloaded https://repo.maven.apache.org/maven2/org/hibernate/hibernate-entitymanager/5.0.12.Final/hibernate-entitymanager-5.0.12.Final.jar
2018-05-04 16:09:50,525 [Worker-632] INFO  o.e.m.c.i.e.AbstractTransferListenerAdapter - Downloading https://repo.maven.apache.org/maven2/javax/transaction/javax.transaction-api/1.2/javax.transaction-api-1.2.jar
2018-05-04 16:09:50,561 [Worker-632] INFO  o.e.m.c.i.e.AbstractTransferListenerAdapter - Downloaded https://repo.maven.apache.org/maven2/javax/transaction/javax.transaction-api/1.2/javax.transaction-api-1.2.jar
2018-05-04 16:09:50,577 [Worker-632] INFO  o.e.m.c.i.e.AbstractTransferListenerAdapter - Downloading https://repo.maven.apache.org/maven2/org/springframework/data/spring-data-jpa/1.11.9.RELEASE/spring-data-jpa-1.11.9.RELEASE.jar
2018-05-04 16:09:50,649 [Worker-632] INFO  o.e.m.c.i.e.AbstractTransferListenerAdapter - Downloaded https://repo.maven.apache.org/maven2/org/springframework/data/spring-data-jpa/1.11.9.RELEASE/spring-data-jpa-1.11.9.RELEASE.jar
2018-05-04 16:09:50,665 [Worker-632] INFO  o.e.m.c.i.e.AbstractTransferListenerAdapter - Downloading https://repo.maven.apache.org/maven2/org/springframework/data/spring-data-commons/1.13.9.RELEASE/spring-data-commons-1.13.9.RELEASE.jar
2018-05-04 16:09:51,772 [Worker-632] INFO  o.e.m.c.i.e.AbstractTransferListenerAdapter - Downloaded https://repo.maven.apache.org/maven2/org/springframework/data/spring-data-commons/1.13.9.RELEASE/spring-data-commons-1.13.9.RELEASE.jar
2018-05-04 16:09:51,787 [Worker-632] INFO  o.e.m.c.i.e.AbstractTransferListenerAdapter - Downloading https://repo.maven.apache.org/maven2/org/springframework/spring-orm/4.3.13.RELEASE/spring-orm-4.3.13.RELEASE.jar
2018-05-04 16:09:51,895 [Worker-632] INFO  o.e.m.c.i.e.AbstractTransferListenerAdapter - Downloaded https://repo.maven.apache.org/maven2/org/springframework/spring-orm/4.3.13.RELEASE/spring-orm-4.3.13.RELEASE.jar
2018-05-04 16:09:51,910 [Worker-632] INFO  o.e.m.c.i.e.AbstractTransferListenerAdapter - Downloading https://repo.maven.apache.org/maven2/org/springframework/spring-tx/4.3.13.RELEASE/spring-tx-4.3.13.RELEASE.jar
2018-05-04 16:09:52,481 [Worker-632] INFO  o.e.m.c.i.e.AbstractTransferListenerAdapter - Downloaded https://repo.maven.apache.org/maven2/org/springframework/spring-tx/4.3.13.RELEASE/spring-tx-4.3.13.RELEASE.jar
2018-05-04 16:09:52,492 [Worker-632] INFO  o.e.m.c.i.e.AbstractTransferListenerAdapter - Downloading https://repo.maven.apache.org/maven2/org/springframework/spring-aspects/4.3.13.RELEASE/spring-aspects-4.3.13.RELEASE.jar
2018-05-04 16:09:52,521 [Worker-632] INFO  o.e.m.c.i.e.AbstractTransferListenerAdapter - Downloaded https://repo.maven.apache.org/maven2/org/springframework/spring-aspects/4.3.13.RELEASE/spring-aspects-4.3.13.RELEASE.jar
2018-05-04 16:09:52,533 [Worker-632] INFO  o.e.m.c.i.e.AbstractTransferListenerAdapter - Downloading https://repo.maven.apache.org/maven2/org/springframework/boot/spring-boot-starter-jdbc/1.5.9.RELEASE/spring-boot-starter-jdbc-1.5.9.RELEASE.jar
2018-05-04 16:09:52,548 [Worker-632] INFO  o.e.m.c.i.e.AbstractTransferListenerAdapter - Downloaded https://repo.maven.apache.org/maven2/org/springframework/boot/spring-boot-starter-jdbc/1.5.9.RELEASE/spring-boot-starter-jdbc-1.5.9.RELEASE.jar
2018-05-04 16:09:52,560 [Worker-632] INFO  o.e.m.c.i.e.AbstractTransferListenerAdapter - Downloading https://repo.maven.apache.org/maven2/org/apache/tomcat/tomcat-jdbc/8.5.23/tomcat-jdbc-8.5.23.jar
2018-05-04 16:09:52,606 [Worker-632] INFO  o.e.m.c.i.e.AbstractTransferListenerAdapter - Downloaded https://repo.maven.apache.org/maven2/org/apache/tomcat/tomcat-jdbc/8.5.23/tomcat-jdbc-8.5.23.jar
2018-05-04 16:09:52,617 [Worker-632] INFO  o.e.m.c.i.e.AbstractTransferListenerAdapter - Downloading https://repo.maven.apache.org/maven2/org/apache/tomcat/tomcat-juli/8.5.23/tomcat-juli-8.5.23.jar
2018-05-04 16:09:52,642 [Worker-632] INFO  o.e.m.c.i.e.AbstractTransferListenerAdapter - Downloaded https://repo.maven.apache.org/maven2/org/apache/tomcat/tomcat-juli/8.5.23/tomcat-juli-8.5.23.jar
2018-05-04 16:09:52,657 [Worker-632] INFO  o.e.m.c.i.e.AbstractTransferListenerAdapter - Downloading https://repo.maven.apache.org/maven2/org/springframework/spring-jdbc/4.3.13.RELEASE/spring-jdbc-4.3.13.RELEASE.jar
2018-05-04 16:09:52,746 [Worker-632] INFO  o.e.m.c.i.e.AbstractTransferListenerAdapter - Downloaded https://repo.maven.apache.org/maven2/org/springframework/spring-jdbc/4.3.13.RELEASE/spring-jdbc-4.3.13.RELEASE.jar
2018-05-04 16:09:55,775 [Worker-632] INFO  o.e.m.j.i.AbstractJavaProjectConfigurator - Adding source folder /helloworld-service/src/main/java
2018-05-04 16:09:55,775 [Worker-632] INFO  o.e.m.j.i.AbstractJavaProjectConfigurator - Adding resource folder /helloworld-service/src/main/resources
2018-05-04 16:09:55,776 [Worker-632] INFO  o.e.m.j.i.AbstractJavaProjectConfigurator - Adding resource folder /helloworld-service/src/main/resources
2018-05-04 16:09:55,776 [Worker-632] INFO  o.e.m.j.i.AbstractJavaProjectConfigurator - Adding source folder /helloworld-service/src/test/java
2018-05-04 16:09:55,777 [Worker-632] INFO  o.e.m.j.i.AbstractJavaProjectConfigurator - Adding resource folder /helloworld-service/src/test/resources
2018-05-04 16:09:59,511 [Worker-632] INFO  o.e.m.c.i.e.AbstractTransferListenerAdapter - Downloading https://repo.maven.apache.org/maven2/org/apache/maven/plugins/maven-help-plugin/2.2/maven-help-plugin-2.2.pom
2018-05-04 16:09:59,579 [Worker-632] INFO  o.e.m.c.i.e.AbstractTransferListenerAdapter - Downloaded https://repo.maven.apache.org/maven2/org/apache/maven/plugins/maven-help-plugin/2.2/maven-help-plugin-2.2.pom
2018-05-04 16:09:59,604 [Worker-632] INFO  o.e.m.c.i.e.AbstractTransferListenerAdapter - Downloading https://repo.maven.apache.org/maven2/org/apache/maven/plugins/maven-help-plugin/2.2/maven-help-plugin-2.2.jar
2018-05-04 16:09:59,636 [Worker-632] INFO  o.e.m.c.i.e.AbstractTransferListenerAdapter - Downloaded https://repo.maven.apache.org/maven2/org/apache/maven/plugins/maven-help-plugin/2.2/maven-help-plugin-2.2.jar
2018-05-04 16:09:59,705 [Worker-632] INFO  o.e.m.c.i.e.AbstractTransferListenerAdapter - Downloading https://repo.maven.apache.org/maven2/org/codehaus/mojo/xml-maven-plugin/1.0/xml-maven-plugin-1.0.pom
2018-05-04 16:09:59,729 [Worker-632] INFO  o.e.m.c.i.e.AbstractTransferListenerAdapter - Downloaded https://repo.maven.apache.org/maven2/org/codehaus/mojo/xml-maven-plugin/1.0/xml-maven-plugin-1.0.pom
2018-05-04 16:09:59,749 [Worker-632] INFO  o.e.m.c.i.e.AbstractTransferListenerAdapter - Downloading https://repo.maven.apache.org/maven2/org/codehaus/mojo/mojo-parent/28/mojo-parent-28.pom
2018-05-04 16:09:59,770 [Worker-632] INFO  o.e.m.c.i.e.AbstractTransferListenerAdapter - Downloaded https://repo.maven.apache.org/maven2/org/codehaus/mojo/mojo-parent/28/mojo-parent-28.pom
2018-05-04 16:09:59,791 [Worker-632] INFO  o.e.m.c.i.e.AbstractTransferListenerAdapter - Downloading https://repo.maven.apache.org/maven2/org/codehaus/mojo/xml-maven-plugin/1.0/xml-maven-plugin-1.0.jar
2018-05-04 16:09:59,811 [Worker-632] INFO  o.e.m.c.i.e.AbstractTransferListenerAdapter - Downloaded https://repo.maven.apache.org/maven2/org/codehaus/mojo/xml-maven-plugin/1.0/xml-maven-plugin-1.0.jar
2018-05-04 16:09:59,870 [Worker-632] INFO  o.e.m.c.i.e.AbstractTransferListenerAdapter - Downloading https://repo.maven.apache.org/maven2/org/codehaus/mojo/build-helper-maven-plugin/1.10/build-helper-maven-plugin-1.10.pom
2018-05-04 16:09:59,890 [Worker-632] INFO  o.e.m.c.i.e.AbstractTransferListenerAdapter - Downloaded https://repo.maven.apache.org/maven2/org/codehaus/mojo/build-helper-maven-plugin/1.10/build-helper-maven-plugin-1.10.pom
2018-05-04 16:09:59,909 [Worker-632] INFO  o.e.m.c.i.e.AbstractTransferListenerAdapter - Downloading https://repo.maven.apache.org/maven2/org/codehaus/mojo/mojo-parent/38/mojo-parent-38.pom
2018-05-04 16:09:59,931 [Worker-632] INFO  o.e.m.c.i.e.AbstractTransferListenerAdapter - Downloaded https://repo.maven.apache.org/maven2/org/codehaus/mojo/mojo-parent/38/mojo-parent-38.pom
2018-05-04 16:09:59,951 [Worker-632] INFO  o.e.m.c.i.e.AbstractTransferListenerAdapter - Downloading https://repo.maven.apache.org/maven2/org/codehaus/mojo/build-helper-maven-plugin/1.10/build-helper-maven-plugin-1.10.jar
2018-05-04 16:09:59,971 [Worker-632] INFO  o.e.m.c.i.e.AbstractTransferListenerAdapter - Downloaded https://repo.maven.apache.org/maven2/org/codehaus/mojo/build-helper-maven-plugin/1.10/build-helper-maven-plugin-1.10.jar
2018-05-04 16:10:00,581 [Worker-632] INFO  o.e.m.w.i.f.ResourceFilteringBuildParticipant - Cleaning filtered folder for helloworld-service
2018-05-04 16:10:01,144 [Worker-632] INFO  o.e.m.c.i.p.ProjectConfigurationManager - Update completed: 24 sec
2018-05-09 14:38:06,916 [Worker-1473] INFO  o.e.m.c.i.embedder.EclipseLogger - Using 'UTF-8' encoding to copy filtered resources.
2018-05-09 14:38:06,928 [Worker-1473] INFO  o.e.m.c.i.embedder.EclipseLogger - Copying 1 resource
2018-05-09 14:38:06,945 [Worker-1473] INFO  o.e.m.c.i.embedder.EclipseLogger - Copying 9 resources
2018-05-09 14:38:07,158 [Worker-1473] INFO  o.e.m.c.i.embedder.EclipseLogger - Using 'UTF-8' encoding to copy filtered resources.
2018-05-09 14:38:07,160 [Worker-1473] INFO  o.e.m.c.i.embedder.EclipseLogger - Copying 0 resource
2018-05-09 14:38:07,160 [Worker-1473] INFO  o.e.m.w.i.f.ResourceFilteringBuildParticipant - Changed resources require a complete clean of filtered resources of helloworld-service
2018-05-09 14:38:07,160 [Worker-1473] INFO  o.e.m.w.i.f.ResourceFilteringBuildParticipant - Executing resource filtering for helloworld-service
2018-05-09 14:38:07,174 [Worker-1473] INFO  o.e.m.c.i.embedder.EclipseLogger - Using 'UTF-8' encoding to copy filtered resources.
2018-05-09 14:38:36,181 [Worker-1472] INFO  o.e.m.c.i.embedder.EclipseLogger - Using 'UTF-8' encoding to copy filtered resources.
2018-05-09 14:38:36,185 [Worker-1472] INFO  o.e.m.c.i.embedder.EclipseLogger - Copying 1 resource
2018-05-09 14:38:36,190 [Worker-1472] INFO  o.e.m.c.i.embedder.EclipseLogger - Copying 9 resources
2018-05-09 14:38:36,194 [Worker-1472] INFO  o.e.m.c.i.embedder.EclipseLogger - Using 'UTF-8' encoding to copy filtered resources.
2018-05-09 14:38:36,194 [Worker-1472] INFO  o.e.m.c.i.embedder.EclipseLogger - Copying 0 resource
2018-05-09 14:42:14,225 [Worker-1484] INFO  o.e.m.c.i.l.LifecycleMappingFactory - Using org.maven.ide.eclipse.wtp.WarLifecycleMapping lifecycle mapping for MavenProject: com.springboot.helloworld:helloworld-service:0.0.1-SNAPSHOT @ C:\workspaces\helloworld_springboot\helloworld-service\pom.xml.
2018-05-09 14:42:14,760 [Worker-1484] INFO  o.e.m.c.i.e.AbstractTransferListenerAdapter - Downloading https://repo.maven.apache.org/maven2/commons-lang/commons-lang/2.3/commons-lang-2.3.pom
2018-05-09 14:42:14,840 [Worker-1484] INFO  o.e.m.c.i.e.AbstractTransferListenerAdapter - Downloaded https://repo.maven.apache.org/maven2/commons-lang/commons-lang/2.3/commons-lang-2.3.pom
2018-05-09 14:42:14,923 [Worker-1484] INFO  o.e.m.c.i.e.AbstractTransferListenerAdapter - Downloading https://repo.maven.apache.org/maven2/commons-lang/commons-lang/2.3/commons-lang-2.3.jar
2018-05-09 14:42:15,002 [Worker-1484] INFO  o.e.m.c.i.e.AbstractTransferListenerAdapter - Downloaded https://repo.maven.apache.org/maven2/commons-lang/commons-lang/2.3/commons-lang-2.3.jar
2018-05-09 14:42:17,479 [Worker-1484] INFO  o.e.m.c.i.embedder.EclipseLogger - Using 'UTF-8' encoding to copy filtered resources.
2018-05-09 14:42:17,483 [Worker-1484] INFO  o.e.m.c.i.embedder.EclipseLogger - Copying 1 resource
2018-05-09 14:42:17,506 [Worker-1484] INFO  o.e.m.c.i.embedder.EclipseLogger - Copying 9 resources
2018-05-09 14:42:17,511 [Worker-1484] INFO  o.e.m.c.i.embedder.EclipseLogger - Using 'UTF-8' encoding to copy filtered resources.
2018-05-09 14:42:17,512 [Worker-1484] INFO  o.e.m.c.i.embedder.EclipseLogger - Copying 0 resource
2018-05-09 14:42:17,512 [Worker-1484] INFO  o.e.m.w.i.f.ResourceFilteringBuildParticipant - Changed resources require a complete clean of filtered resources of helloworld-service
2018-05-09 14:42:17,512 [Worker-1484] INFO  o.e.m.w.i.f.ResourceFilteringBuildParticipant - Executing resource filtering for helloworld-service
2018-05-09 14:42:17,517 [Worker-1484] INFO  o.e.m.c.i.embedder.EclipseLogger - Using 'UTF-8' encoding to copy filtered resources.
2018-05-09 14:43:37,547 [Worker-1486] INFO  o.e.m.c.i.embedder.EclipseLogger - Using 'UTF-8' encoding to copy filtered resources.
2018-05-09 14:43:37,550 [Worker-1486] INFO  o.e.m.c.i.embedder.EclipseLogger - Copying 1 resource
2018-05-09 14:43:37,554 [Worker-1486] INFO  o.e.m.c.i.embedder.EclipseLogger - Copying 9 resources
2018-05-09 14:43:37,582 [Worker-1486] INFO  o.e.m.c.i.embedder.EclipseLogger - Using 'UTF-8' encoding to copy filtered resources.
2018-05-09 14:43:37,583 [Worker-1486] INFO  o.e.m.c.i.embedder.EclipseLogger - Copying 0 resource
2018-05-09 15:42:27,810 [Worker-1489] INFO  o.e.m.c.i.embedder.EclipseLogger - Using 'UTF-8' encoding to copy filtered resources.
2018-05-09 15:42:27,812 [Worker-1489] INFO  o.e.m.c.i.embedder.EclipseLogger - Copying 1 resource
2018-05-09 15:42:27,817 [Worker-1489] INFO  o.e.m.c.i.embedder.EclipseLogger - Copying 9 resources
2018-05-09 15:42:27,824 [Worker-1489] INFO  o.e.m.c.i.embedder.EclipseLogger - Using 'UTF-8' encoding to copy filtered resources.
2018-05-09 15:42:27,825 [Worker-1489] INFO  o.e.m.c.i.embedder.EclipseLogger - Copying 0 resource
2018-05-09 15:43:38,878 [Worker-1495] INFO  o.e.m.c.i.embedder.EclipseLogger - Using 'UTF-8' encoding to copy filtered resources.
2018-05-09 15:43:38,879 [Worker-1495] INFO  o.e.m.c.i.embedder.EclipseLogger - Copying 1 resource
2018-05-09 15:43:38,883 [Worker-1495] INFO  o.e.m.c.i.embedder.EclipseLogger - Copying 0 resource
2018-05-09 15:43:38,884 [Worker-1495] INFO  o.e.m.c.i.embedder.EclipseLogger - Using 'UTF-8' encoding to copy filtered resources.
2018-05-09 15:43:38,885 [Worker-1495] INFO  o.e.m.c.i.embedder.EclipseLogger - Copying 0 resource
2018-05-09 15:45:15,217 [Worker-1493] INFO  o.e.m.c.i.l.LifecycleMappingFactory - Using org.maven.ide.eclipse.wtp.WarLifecycleMapping lifecycle mapping for MavenProject: com.springboot.helloworld:helloworld-service:0.0.1-SNAPSHOT @ C:\workspaces\helloworld_springboot\helloworld-service\pom.xml.
2018-05-09 15:45:16,774 [Worker-1493] INFO  o.e.m.c.i.embedder.EclipseLogger - Using 'UTF-8' encoding to copy filtered resources.
2018-05-09 15:45:16,775 [Worker-1493] INFO  o.e.m.c.i.embedder.EclipseLogger - Copying 0 resource
2018-05-09 15:45:16,776 [Worker-1493] INFO  o.e.m.c.i.embedder.EclipseLogger - Copying 0 resource
2018-05-09 15:45:16,779 [Worker-1493] INFO  o.e.m.c.i.embedder.EclipseLogger - Using 'UTF-8' encoding to copy filtered resources.
2018-05-09 15:45:16,779 [Worker-1493] INFO  o.e.m.c.i.embedder.EclipseLogger - Copying 0 resource
2018-05-09 15:45:16,780 [Worker-1493] INFO  o.e.m.w.i.f.ResourceFilteringBuildParticipant - Changed resources require a complete clean of filtered resources of helloworld-service
2018-05-09 15:45:16,780 [Worker-1493] INFO  o.e.m.w.i.f.ResourceFilteringBuildParticipant - Executing resource filtering for helloworld-service
2018-05-09 15:45:16,785 [Worker-1493] INFO  o.e.m.c.i.embedder.EclipseLogger - Using 'UTF-8' encoding to copy filtered resources.
2018-05-09 15:48:09,761 [Worker-1489] INFO  o.e.m.c.i.embedder.EclipseLogger - Using 'UTF-8' encoding to copy filtered resources.
2018-05-09 15:48:09,762 [Worker-1489] INFO  o.e.m.c.i.embedder.EclipseLogger - Copying 1 resource
2018-05-09 15:48:09,786 [Worker-1489] INFO  o.e.m.c.i.embedder.EclipseLogger - Copying 0 resource
2018-05-09 15:48:09,789 [Worker-1489] INFO  o.e.m.c.i.embedder.EclipseLogger - Using 'UTF-8' encoding to copy filtered resources.
2018-05-09 15:48:09,790 [Worker-1489] INFO  o.e.m.c.i.embedder.EclipseLogger - Copying 0 resource
2018-05-09 15:48:58,380 [Worker-1497] INFO  o.e.m.c.i.embedder.EclipseLogger - Using 'UTF-8' encoding to copy filtered resources.
2018-05-09 15:48:58,381 [Worker-1497] INFO  o.e.m.c.i.embedder.EclipseLogger - Copying 0 resource
2018-05-09 15:48:58,381 [Worker-1497] INFO  o.e.m.c.i.embedder.EclipseLogger - Copying 0 resource
2018-05-09 15:48:58,383 [Worker-1497] INFO  o.e.m.c.i.embedder.EclipseLogger - Using 'UTF-8' encoding to copy filtered resources.
2018-05-09 15:48:58,383 [Worker-1497] INFO  o.e.m.c.i.embedder.EclipseLogger - Copying 0 resource
2018-05-09 16:04:47,217 [Worker-0] INFO  c.g.t.t.d.PublishedGradleVersions - Gradle version information cache is out-of-date. Trying to update.
2018-05-09 16:05:23,483 [Worker-12] INFO  o.e.m.c.i.l.LifecycleMappingFactory - Using org.maven.ide.eclipse.wtp.WarLifecycleMapping lifecycle mapping for MavenProject: com.springboot.helloworld:helloworld-service:0.0.1-SNAPSHOT @ C:\workspaces\helloworld_springboot\helloworld-service\pom.xml.
2018-05-09 16:05:24,606 [Worker-12] INFO  o.e.m.c.i.e.AbstractTransferListenerAdapter - Downloading https://repo.maven.apache.org/maven2/org/apache/maven/plugins/maven-clean-plugin/2.6.1/maven-clean-plugin-2.6.1.pom
2018-05-09 16:05:24,669 [Worker-12] INFO  o.e.m.c.i.e.AbstractTransferListenerAdapter - Downloaded https://repo.maven.apache.org/maven2/org/apache/maven/plugins/maven-clean-plugin/2.6.1/maven-clean-plugin-2.6.1.pom
2018-05-09 16:05:24,709 [Worker-12] INFO  o.e.m.c.i.e.AbstractTransferListenerAdapter - Downloading https://repo.maven.apache.org/maven2/org/apache/maven/plugins/maven-plugins/26/maven-plugins-26.pom
2018-05-09 16:05:24,740 [Worker-12] INFO  o.e.m.c.i.e.AbstractTransferListenerAdapter - Downloaded https://repo.maven.apache.org/maven2/org/apache/maven/plugins/maven-plugins/26/maven-plugins-26.pom
2018-05-09 16:05:26,800 [Worker-12] INFO  o.e.m.c.i.embedder.EclipseLogger - Using 'UTF-8' encoding to copy filtered resources.
2018-05-09 16:05:26,807 [Worker-12] INFO  o.e.m.c.i.embedder.EclipseLogger - Copying 1 resource
2018-05-09 16:05:26,827 [Worker-12] INFO  o.e.m.c.i.embedder.EclipseLogger - Copying 9 resources
2018-05-09 16:05:26,833 [Worker-12] INFO  o.e.m.c.i.embedder.EclipseLogger - Using 'UTF-8' encoding to copy filtered resources.
2018-05-09 16:05:26,834 [Worker-12] INFO  o.e.m.c.i.embedder.EclipseLogger - Copying 0 resource
2018-05-09 16:05:26,838 [Worker-12] INFO  o.e.m.w.i.f.ResourceFilteringBuildParticipant - Changed resources require a complete clean of filtered resources of helloworld-service
2018-05-09 16:05:26,839 [Worker-12] INFO  o.e.m.w.i.f.ResourceFilteringBuildParticipant - Executing resource filtering for helloworld-service
2018-05-09 16:05:26,852 [Worker-12] INFO  o.e.m.c.i.embedder.EclipseLogger - Using 'UTF-8' encoding to copy filtered resources.
2018-05-09 16:06:12,988 [Worker-13] INFO  o.e.m.c.i.l.LifecycleMappingFactory - Using org.maven.ide.eclipse.wtp.WarLifecycleMapping lifecycle mapping for MavenProject: com.springboot.helloworld:helloworld-service:0.0.1-SNAPSHOT @ C:\workspaces\helloworld_springboot\helloworld-service\pom.xml.
2018-05-09 16:06:14,803 [Worker-13] INFO  o.e.m.c.i.embedder.EclipseLogger - Using 'UTF-8' encoding to copy filtered resources.
2018-05-09 16:06:14,809 [Worker-13] INFO  o.e.m.c.i.embedder.EclipseLogger - Copying 1 resource
2018-05-09 16:06:14,825 [Worker-13] INFO  o.e.m.c.i.embedder.EclipseLogger - Copying 9 resources
2018-05-09 16:06:14,861 [Worker-13] INFO  o.e.m.c.i.embedder.EclipseLogger - Using 'UTF-8' encoding to copy filtered resources.
2018-05-09 16:06:14,862 [Worker-13] INFO  o.e.m.c.i.embedder.EclipseLogger - Copying 0 resource
2018-05-09 16:06:14,865 [Worker-13] INFO  o.e.m.w.i.f.ResourceFilteringBuildParticipant - Changed resources require a complete clean of filtered resources of helloworld-service
2018-05-09 16:06:14,873 [Worker-13] INFO  o.e.m.w.i.f.ResourceFilteringBuildParticipant - Executing resource filtering for helloworld-service
2018-05-09 16:06:14,896 [Worker-13] INFO  o.e.m.c.i.embedder.EclipseLogger - Using 'UTF-8' encoding to copy filtered resources.
2018-05-10 10:31:51,874 [Worker-194] INFO  o.e.m.c.i.p.ProjectConfigurationManager - Update started
2018-05-10 10:31:54,369 [Worker-194] INFO  o.e.m.c.i.l.LifecycleMappingFactory - Using org.maven.ide.eclipse.wtp.WarLifecycleMapping lifecycle mapping for MavenProject: com.springboot.helloworld:helloworld-service:0.0.1-SNAPSHOT @ C:\workspaces\helloworld_springboot\helloworld-service\pom.xml.
2018-05-10 10:31:58,248 [Worker-194] INFO  o.e.m.j.i.AbstractJavaProjectConfigurator - Adding source folder /helloworld-service/src/main/java
2018-05-10 10:31:58,249 [Worker-194] INFO  o.e.m.j.i.AbstractJavaProjectConfigurator - Adding resource folder /helloworld-service/src/main/resources
2018-05-10 10:31:58,250 [Worker-194] INFO  o.e.m.j.i.AbstractJavaProjectConfigurator - Adding resource folder /helloworld-service/src/main/resources
2018-05-10 10:31:58,251 [Worker-194] INFO  o.e.m.j.i.AbstractJavaProjectConfigurator - Adding source folder /helloworld-service/src/test/java
2018-05-10 10:31:58,251 [Worker-194] INFO  o.e.m.j.i.AbstractJavaProjectConfigurator - Adding resource folder /helloworld-service/src/test/resources
2018-05-10 10:32:00,124 [Worker-194] INFO  o.e.m.w.i.f.ResourceFilteringBuildParticipant - Cleaning filtered folder for helloworld-service
2018-05-10 10:32:00,148 [Worker-194] INFO  o.e.m.c.i.p.ProjectConfigurationManager - Update completed: 8 sec
2018-05-10 11:40:47,736 [Worker-216] INFO  o.e.m.c.i.embedder.EclipseLogger - Using 'UTF-8' encoding to copy filtered resources.
2018-05-10 11:40:47,739 [Worker-216] INFO  o.e.m.c.i.embedder.EclipseLogger - Copying 1 resource
2018-05-10 11:40:47,762 [Worker-216] INFO  o.e.m.c.i.embedder.EclipseLogger - Copying 9 resources
2018-05-10 11:40:48,137 [Worker-216] INFO  o.e.m.c.i.embedder.EclipseLogger - Using 'UTF-8' encoding to copy filtered resources.
2018-05-10 11:40:48,138 [Worker-216] INFO  o.e.m.c.i.embedder.EclipseLogger - Copying 0 resource
2018-05-10 11:40:48,139 [Worker-216] INFO  o.e.m.w.i.f.ResourceFilteringBuildParticipant - Changed resources require a complete clean of filtered resources of helloworld-service
2018-05-10 11:40:48,140 [Worker-216] INFO  o.e.m.w.i.f.ResourceFilteringBuildParticipant - Executing resource filtering for helloworld-service
2018-05-10 11:40:48,146 [Worker-216] INFO  o.e.m.c.i.embedder.EclipseLogger - Using 'UTF-8' encoding to copy filtered resources.
2018-05-10 11:42:57,102 [Worker-219] INFO  o.e.m.c.i.l.LifecycleMappingFactory - Using org.maven.ide.eclipse.wtp.WarLifecycleMapping lifecycle mapping for MavenProject: com.springboot.helloworld:helloworld-service:0.0.1-SNAPSHOT @ C:\workspaces\helloworld_springboot\helloworld-service\pom.xml.
2018-05-10 11:43:07,393 [Worker-219] INFO  o.e.m.c.i.e.AbstractTransferListenerAdapter - Downloaded https://repo.maven.apache.org/maven2/com/oracle/ojdbc6/11.2.0.3.0/ojdbc6-11.2.0.3.0.pom
2018-05-10 11:43:18,350 [Worker-219] INFO  o.e.m.c.i.e.AbstractTransferListenerAdapter - Downloaded https://repo.maven.apache.org/maven2/com/oracle/ojdbc6/11.2.0.3.0/ojdbc6-11.2.0.3.0.jar
2018-05-10 11:43:18,619 [Worker-219] INFO  o.e.m.c.i.embedder.EclipseLogger - Using 'UTF-8' encoding to copy filtered resources.
2018-05-10 11:43:18,621 [Worker-219] INFO  o.e.m.c.i.embedder.EclipseLogger - Copying 0 resource
2018-05-10 11:43:18,621 [Worker-219] INFO  o.e.m.c.i.embedder.EclipseLogger - Copying 0 resource
2018-05-10 11:43:18,624 [Worker-219] INFO  o.e.m.c.i.embedder.EclipseLogger - Using 'UTF-8' encoding to copy filtered resources.
2018-05-10 11:43:18,624 [Worker-219] INFO  o.e.m.c.i.embedder.EclipseLogger - Copying 0 resource
2018-05-10 11:43:18,625 [Worker-219] INFO  o.e.m.w.i.f.ResourceFilteringBuildParticipant - Changed resources require a complete clean of filtered resources of helloworld-service
2018-05-10 11:43:18,625 [Worker-219] INFO  o.e.m.w.i.f.ResourceFilteringBuildParticipant - Executing resource filtering for helloworld-service
2018-05-10 11:43:18,629 [Worker-219] INFO  o.e.m.c.i.embedder.EclipseLogger - Using 'UTF-8' encoding to copy filtered resources.
2018-05-10 11:52:33,548 [Worker-13] INFO  o.e.m.c.i.l.LifecycleMappingFactory - Using org.maven.ide.eclipse.wtp.WarLifecycleMapping lifecycle mapping for MavenProject: com.springboot.helloworld:helloworld-service:0.0.1-SNAPSHOT @ C:\workspaces\helloworld_springboot\helloworld-service\pom.xml.
2018-05-10 11:52:43,985 [Worker-13] INFO  o.e.m.c.i.e.AbstractTransferListenerAdapter - Downloaded https://repo.maven.apache.org/maven2/com/oracle/ojdbc6/12.2.1.2.0/ojdbc6-12.2.1.2.0.pom
2018-05-10 11:52:45,351 [Worker-13] INFO  o.e.m.c.i.embedder.EclipseLogger - Using 'UTF-8' encoding to copy filtered resources.
2018-05-10 11:52:45,353 [Worker-13] INFO  o.e.m.c.i.embedder.EclipseLogger - Copying 0 resource
2018-05-10 11:52:45,354 [Worker-13] INFO  o.e.m.c.i.embedder.EclipseLogger - Copying 0 resource
2018-05-10 11:52:45,356 [Worker-13] INFO  o.e.m.c.i.embedder.EclipseLogger - Using 'UTF-8' encoding to copy filtered resources.
2018-05-10 11:52:45,357 [Worker-13] INFO  o.e.m.c.i.embedder.EclipseLogger - Copying 0 resource
2018-05-10 11:52:45,357 [Worker-13] INFO  o.e.m.w.i.f.ResourceFilteringBuildParticipant - Changed resources require a complete clean of filtered resources of helloworld-service
2018-05-10 11:52:45,358 [Worker-13] INFO  o.e.m.w.i.f.ResourceFilteringBuildParticipant - Executing resource filtering for helloworld-service
2018-05-10 11:52:45,362 [Worker-13] INFO  o.e.m.c.i.embedder.EclipseLogger - Using 'UTF-8' encoding to copy filtered resources.
2018-05-10 12:01:20,061 [Worker-229] INFO  o.e.m.c.i.embedder.EclipseLogger - Using 'UTF-8' encoding to copy filtered resources.
2018-05-10 12:01:20,064 [Worker-229] INFO  o.e.m.c.i.embedder.EclipseLogger - Copying 1 resource
2018-05-10 12:01:20,081 [Worker-229] INFO  o.e.m.c.i.embedder.EclipseLogger - Copying 9 resources
2018-05-10 12:01:20,109 [Worker-229] INFO  o.e.m.c.i.embedder.EclipseLogger - Using 'UTF-8' encoding to copy filtered resources.
2018-05-10 12:01:20,110 [Worker-229] INFO  o.e.m.c.i.embedder.EclipseLogger - Copying 0 resource
2018-05-10 12:58:18,166 [Worker-242] INFO  o.e.m.c.i.embedder.EclipseLogger - Using 'UTF-8' encoding to copy filtered resources.
2018-05-10 12:58:18,168 [Worker-242] INFO  o.e.m.c.i.embedder.EclipseLogger - Copying 1 resource
2018-05-10 12:58:18,174 [Worker-242] INFO  o.e.m.c.i.embedder.EclipseLogger - Copying 9 resources
2018-05-10 12:58:18,179 [Worker-242] INFO  o.e.m.c.i.embedder.EclipseLogger - Using 'UTF-8' encoding to copy filtered resources.
2018-05-10 12:58:18,179 [Worker-242] INFO  o.e.m.c.i.embedder.EclipseLogger - Copying 0 resource
2018-05-10 13:05:47,860 [Worker-245] INFO  o.e.m.c.i.embedder.EclipseLogger - Using 'UTF-8' encoding to copy filtered resources.
2018-05-10 13:05:47,863 [Worker-245] INFO  o.e.m.c.i.embedder.EclipseLogger - Copying 1 resource
2018-05-10 13:05:47,869 [Worker-245] INFO  o.e.m.c.i.embedder.EclipseLogger - Copying 9 resources
2018-05-10 13:05:47,875 [Worker-245] INFO  o.e.m.c.i.embedder.EclipseLogger - Using 'UTF-8' encoding to copy filtered resources.
2018-05-10 13:05:47,876 [Worker-245] INFO  o.e.m.c.i.embedder.EclipseLogger - Copying 0 resource
2018-05-10 13:09:03,619 [Worker-249] INFO  o.e.m.c.i.embedder.EclipseLogger - Using 'UTF-8' encoding to copy filtered resources.
2018-05-10 13:09:03,622 [Worker-249] INFO  o.e.m.c.i.embedder.EclipseLogger - Copying 1 resource
2018-05-10 13:09:03,627 [Worker-249] INFO  o.e.m.c.i.embedder.EclipseLogger - Copying 9 resources
2018-05-10 13:09:03,635 [Worker-249] INFO  o.e.m.c.i.embedder.EclipseLogger - Using 'UTF-8' encoding to copy filtered resources.
2018-05-10 13:09:03,636 [Worker-249] INFO  o.e.m.c.i.embedder.EclipseLogger - Copying 0 resource
2018-05-10 15:11:23,185 [Worker-266] INFO  o.e.m.c.i.embedder.EclipseLogger - Using 'UTF-8' encoding to copy filtered resources.
2018-05-10 15:11:23,194 [Worker-266] INFO  o.e.m.c.i.embedder.EclipseLogger - Copying 1 resource
2018-05-10 15:11:23,199 [Worker-266] INFO  o.e.m.c.i.embedder.EclipseLogger - Copying 9 resources
2018-05-10 15:11:23,216 [Worker-266] INFO  o.e.m.c.i.embedder.EclipseLogger - Using 'UTF-8' encoding to copy filtered resources.
2018-05-10 15:11:23,217 [Worker-266] INFO  o.e.m.c.i.embedder.EclipseLogger - Copying 0 resource
2018-05-10 15:24:33,499 [Worker-247] INFO  o.e.m.c.i.embedder.EclipseLogger - Using 'UTF-8' encoding to copy filtered resources.
2018-05-10 15:24:33,502 [Worker-247] INFO  o.e.m.c.i.embedder.EclipseLogger - Copying 1 resource
2018-05-10 15:24:33,507 [Worker-247] INFO  o.e.m.c.i.embedder.EclipseLogger - Copying 9 resources
2018-05-10 15:24:33,510 [Worker-247] INFO  o.e.m.c.i.embedder.EclipseLogger - Using 'UTF-8' encoding to copy filtered resources.
2018-05-10 15:24:33,511 [Worker-247] INFO  o.e.m.c.i.embedder.EclipseLogger - Copying 0 resource
2018-05-10 15:30:21,036 [Worker-280] INFO  o.e.m.c.i.embedder.EclipseLogger - Using 'UTF-8' encoding to copy filtered resources.
2018-05-10 15:30:21,040 [Worker-280] INFO  o.e.m.c.i.embedder.EclipseLogger - Copying 1 resource
2018-05-10 15:30:21,046 [Worker-280] INFO  o.e.m.c.i.embedder.EclipseLogger - Copying 9 resources
2018-05-10 15:30:21,050 [Worker-280] INFO  o.e.m.c.i.embedder.EclipseLogger - Using 'UTF-8' encoding to copy filtered resources.
2018-05-10 15:30:21,051 [Worker-280] INFO  o.e.m.c.i.embedder.EclipseLogger - Copying 0 resource
2018-05-10 15:42:52,709 [Worker-285] INFO  o.e.m.c.i.embedder.EclipseLogger - Using 'UTF-8' encoding to copy filtered resources.
2018-05-10 15:42:52,712 [Worker-285] INFO  o.e.m.c.i.embedder.EclipseLogger - Copying 1 resource
2018-05-10 15:42:52,716 [Worker-285] INFO  o.e.m.c.i.embedder.EclipseLogger - Copying 9 resources
2018-05-10 15:42:52,720 [Worker-285] INFO  o.e.m.c.i.embedder.EclipseLogger - Using 'UTF-8' encoding to copy filtered resources.
2018-05-10 15:42:52,721 [Worker-285] INFO  o.e.m.c.i.embedder.EclipseLogger - Copying 0 resource
2018-05-10 15:45:37,985 [Worker-280] INFO  o.e.m.c.i.embedder.EclipseLogger - Using 'UTF-8' encoding to copy filtered resources.
2018-05-10 15:45:37,988 [Worker-280] INFO  o.e.m.c.i.embedder.EclipseLogger - Copying 1 resource
2018-05-10 15:45:37,997 [Worker-280] INFO  o.e.m.c.i.embedder.EclipseLogger - Copying 9 resources
2018-05-10 15:45:38,005 [Worker-280] INFO  o.e.m.c.i.embedder.EclipseLogger - Using 'UTF-8' encoding to copy filtered resources.
2018-05-10 15:45:38,006 [Worker-280] INFO  o.e.m.c.i.embedder.EclipseLogger - Copying 0 resource
2018-05-10 15:47:35,261 [Worker-287] INFO  o.e.m.c.i.embedder.EclipseLogger - Using 'UTF-8' encoding to copy filtered resources.
2018-05-10 15:47:35,268 [Worker-287] INFO  o.e.m.c.i.embedder.EclipseLogger - Copying 1 resource
2018-05-10 15:47:35,272 [Worker-287] INFO  o.e.m.c.i.embedder.EclipseLogger - Copying 9 resources
2018-05-10 15:47:35,277 [Worker-287] INFO  o.e.m.c.i.embedder.EclipseLogger - Using 'UTF-8' encoding to copy filtered resources.
2018-05-10 15:47:35,277 [Worker-287] INFO  o.e.m.c.i.embedder.EclipseLogger - Copying 0 resource
2018-05-10 15:59:07,238 [Worker-280] INFO  o.e.m.c.i.embedder.EclipseLogger - Using 'UTF-8' encoding to copy filtered resources.
2018-05-10 15:59:07,241 [Worker-280] INFO  o.e.m.c.i.embedder.EclipseLogger - Copying 1 resource
2018-05-10 15:59:07,246 [Worker-280] INFO  o.e.m.c.i.embedder.EclipseLogger - Copying 9 resources
2018-05-10 15:59:07,250 [Worker-280] INFO  o.e.m.c.i.embedder.EclipseLogger - Using 'UTF-8' encoding to copy filtered resources.
2018-05-10 15:59:07,250 [Worker-280] INFO  o.e.m.c.i.embedder.EclipseLogger - Copying 0 resource
2018-05-10 16:01:23,000 [Worker-291] INFO  o.e.m.c.i.embedder.EclipseLogger - Using 'UTF-8' encoding to copy filtered resources.
2018-05-10 16:01:23,003 [Worker-291] INFO  o.e.m.c.i.embedder.EclipseLogger - Copying 1 resource
2018-05-10 16:01:23,007 [Worker-291] INFO  o.e.m.c.i.embedder.EclipseLogger - Copying 9 resources
2018-05-10 16:01:23,013 [Worker-291] INFO  o.e.m.c.i.embedder.EclipseLogger - Using 'UTF-8' encoding to copy filtered resources.
2018-05-10 16:01:23,013 [Worker-291] INFO  o.e.m.c.i.embedder.EclipseLogger - Copying 0 resource
2018-05-10 16:16:23,333 [Worker-292] INFO  o.e.m.c.i.embedder.EclipseLogger - Using 'UTF-8' encoding to copy filtered resources.
2018-05-10 16:16:23,336 [Worker-292] INFO  o.e.m.c.i.embedder.EclipseLogger - Copying 1 resource
2018-05-10 16:16:23,342 [Worker-292] INFO  o.e.m.c.i.embedder.EclipseLogger - Copying 9 resources
2018-05-10 16:16:23,361 [Worker-292] INFO  o.e.m.c.i.embedder.EclipseLogger - Using 'UTF-8' encoding to copy filtered resources.
2018-05-10 16:16:23,370 [Worker-292] INFO  o.e.m.c.i.embedder.EclipseLogger - Copying 0 resource
2018-05-10 16:18:50,258 [Worker-296] INFO  o.e.m.c.i.embedder.EclipseLogger - Using 'UTF-8' encoding to copy filtered resources.
2018-05-10 16:18:50,262 [Worker-296] INFO  o.e.m.c.i.embedder.EclipseLogger - Copying 1 resource
2018-05-10 16:18:50,267 [Worker-296] INFO  o.e.m.c.i.embedder.EclipseLogger - Copying 9 resources
2018-05-10 16:18:50,272 [Worker-296] INFO  o.e.m.c.i.embedder.EclipseLogger - Using 'UTF-8' encoding to copy filtered resources.
2018-05-10 16:18:50,273 [Worker-296] INFO  o.e.m.c.i.embedder.EclipseLogger - Copying 0 resource
2018-05-10 16:20:45,002 [Worker-299] INFO  o.e.m.c.i.embedder.EclipseLogger - Using 'UTF-8' encoding to copy filtered resources.
2018-05-10 16:20:45,005 [Worker-299] INFO  o.e.m.c.i.embedder.EclipseLogger - Copying 1 resource
2018-05-10 16:20:45,011 [Worker-299] INFO  o.e.m.c.i.embedder.EclipseLogger - Copying 9 resources
2018-05-10 16:20:45,015 [Worker-299] INFO  o.e.m.c.i.embedder.EclipseLogger - Using 'UTF-8' encoding to copy filtered resources.
2018-05-10 16:20:45,016 [Worker-299] INFO  o.e.m.c.i.embedder.EclipseLogger - Copying 0 resource
2018-05-10 16:23:20,048 [Worker-294] INFO  o.e.m.c.i.embedder.EclipseLogger - Using 'UTF-8' encoding to copy filtered resources.
2018-05-10 16:23:20,051 [Worker-294] INFO  o.e.m.c.i.embedder.EclipseLogger - Copying 1 resource
2018-05-10 16:23:20,056 [Worker-294] INFO  o.e.m.c.i.embedder.EclipseLogger - Copying 9 resources
2018-05-10 16:23:20,060 [Worker-294] INFO  o.e.m.c.i.embedder.EclipseLogger - Using 'UTF-8' encoding to copy filtered resources.
2018-05-10 16:23:20,061 [Worker-294] INFO  o.e.m.c.i.embedder.EclipseLogger - Copying 0 resource
2018-05-10 16:25:06,152 [Worker-297] INFO  o.e.m.c.i.embedder.EclipseLogger - Using 'UTF-8' encoding to copy filtered resources.
2018-05-10 16:25:06,154 [Worker-297] INFO  o.e.m.c.i.embedder.EclipseLogger - Copying 1 resource
2018-05-10 16:25:06,162 [Worker-297] INFO  o.e.m.c.i.embedder.EclipseLogger - Copying 9 resources
2018-05-10 16:25:06,167 [Worker-297] INFO  o.e.m.c.i.embedder.EclipseLogger - Using 'UTF-8' encoding to copy filtered resources.
2018-05-10 16:25:06,167 [Worker-297] INFO  o.e.m.c.i.embedder.EclipseLogger - Copying 0 resource
2018-05-10 16:57:08,479 [Worker-305] INFO  o.e.m.c.i.embedder.EclipseLogger - Using 'UTF-8' encoding to copy filtered resources.
2018-05-10 16:57:08,483 [Worker-305] INFO  o.e.m.c.i.embedder.EclipseLogger - Copying 1 resource
2018-05-10 16:57:08,498 [Worker-305] INFO  o.e.m.c.i.embedder.EclipseLogger - Copying 9 resources
2018-05-10 16:57:08,502 [Worker-305] INFO  o.e.m.c.i.embedder.EclipseLogger - Using 'UTF-8' encoding to copy filtered resources.
2018-05-10 16:57:08,503 [Worker-305] INFO  o.e.m.c.i.embedder.EclipseLogger - Copying 0 resource
2018-05-14 10:06:01,459 [Worker-987] INFO  o.e.m.c.i.l.LifecycleMappingFactory - Using org.maven.ide.eclipse.wtp.WarLifecycleMapping lifecycle mapping for MavenProject: com.springboot.helloworld:helloworld-service:0.0.1-SNAPSHOT @ C:\workspaces\helloworld_springboot\helloworld-service\pom.xml.
2018-05-14 10:06:05,753 [Worker-987] INFO  o.e.m.c.i.embedder.EclipseLogger - Using 'UTF-8' encoding to copy filtered resources.
2018-05-14 10:06:05,790 [Worker-987] INFO  o.e.m.c.i.embedder.EclipseLogger - Copying 1 resource
2018-05-14 10:06:05,827 [Worker-987] INFO  o.e.m.c.i.embedder.EclipseLogger - Copying 9 resources
2018-05-14 10:06:05,873 [Worker-987] INFO  o.e.m.c.i.embedder.EclipseLogger - Using 'UTF-8' encoding to copy filtered resources.
2018-05-14 10:06:05,879 [Worker-987] INFO  o.e.m.c.i.embedder.EclipseLogger - Copying 0 resource
2018-05-14 10:06:05,880 [Worker-987] INFO  o.e.m.w.i.f.ResourceFilteringBuildParticipant - Changed resources require a complete clean of filtered resources of helloworld-service
2018-05-14 10:06:05,880 [Worker-987] INFO  o.e.m.w.i.f.ResourceFilteringBuildParticipant - Executing resource filtering for helloworld-service
2018-05-14 10:06:05,893 [Worker-987] INFO  o.e.m.c.i.embedder.EclipseLogger - Using 'UTF-8' encoding to copy filtered resources.
